9.999999999999990841e-02
0.000000000000000000e+00
9.999999999999990841e-02
1.999999999999998168e-01
2.999999999999997113e-01
0.000000000000000000e+00
0.000000000000000000e+00
9.999999999999990841e-02
1.999999999999998168e-01
9.999999999999990841e-02
0.000000000000000000e+00
9.999999999999990841e-02
2.999999999999997113e-01
1.999999999999998168e-01
1.999999999999998168e-01
2.999999999999997113e-01
9.999999999999990841e-02
3.999999999999996336e-01
2.999999999999997113e-01
1.999999999999998168e-01
2.999999999999997113e-01
9.999999999999990841e-02
7.999999999999992673e-01
3.999999999999996336e-01
3.999999999999996336e-01
9.999999999999990841e-02
3.999999999999996336e-01
2.999999999999997113e-01
4.999999999999995559e-01
2.999999999999997113e-01
2.999999999999997113e-01
1.999999999999998168e-01
4.999999999999995559e-01
1.999999999999998168e-01
4.999999999999995559e-01
1.999999999999998168e-01
1.999999999999998168e-01
2.999999999999997113e-01
1.999999999999998168e-01
6.999999999999994005e-01
2.999999999999997113e-01
1.999999999999998168e-01
0.000000000000000000e+00
6.999999999999994005e-01
9.999999999999990841e-02
9.999999999999990841e-02
2.999999999999997113e-01
4.999999999999995559e-01
5.999999999999994227e-01
9.999999999999990841e-02
9.999999999999990841e-02
6.999999999999994005e-01
1.999999999999998168e-01
2.999999999999997113e-01
9.999999999999990841e-02
5.999999999999994227e-01
2.999999999999997113e-01
5.999999999999994227e-01
3.999999999999996336e-01
2.999999999999997113e-01
2.999999999999997113e-01
5.999999999999994227e-01
4.999999999999995559e-01
1.999999999999998168e-01
0.000000000000000000e+00
5.999999999999994227e-01
3.999999999999996336e-01
5.999999999999994227e-01
2.999999999999997113e-01
9.999999999999990841e-02
2.999999999999997113e-01
1.999999999999998168e-01
3.999999999999996336e-01
3.999999999999996336e-01
1.999999999999998168e-01
1.999999999999998168e-01
1.999999999999998168e-01
3.999999999999996336e-01
9.999999999999990841e-02
3.999999999999996336e-01
1.999999999999998168e-01
4.999999999999995559e-01
4.999999999999995559e-01
9.999999999999990841e-02
4.999999999999995559e-01
2.999999999999997113e-01
2.999999999999997113e-01
1.999999999999998168e-01
1.999999999999998168e-01
3.999999999999996336e-01
9.999999999999990841e-02
3.999999999999996336e-01
6.999999999999994005e-01
4.999999999999995559e-01
4.999999999999995559e-01
9.999999999999990841e-02
1.999999999999998168e-01
1.999999999999998168e-01
2.999999999999997113e-01
3.999999999999996336e-01
9.999999999999990841e-02
2.999999999999997113e-01
9.999999999999990841e-02
1.999999999999998168e-01
9.999999999999990841e-02
1.999999999999998168e-01
0.000000000000000000e+00
4.999999999999995559e-01
4.999999999999995559e-01
2.999999999999997113e-01
1.999999999999998168e-01
3.999999999999996336e-01
0.000000000000000000e+00
1.999999999999998168e-01
7.999999999999992673e-01
7.999999999999992673e-01
1.999999999999998168e-01
2.999999999999997113e-01
2.999999999999997113e-01
9.999999999999990841e-02
5.999999999999994227e-01
2.999999999999997113e-01
2.999999999999997113e-01
9.999999999999990841e-02
2.999999999999997113e-01
9.999999999999990841e-02
3.999999999999996336e-01
9.999999999999990841e-02
2.999999999999997113e-01
2.999999999999997113e-01
3.999999999999996336e-01
2.999999999999997113e-01
3.999999999999996336e-01
2.999999999999997113e-01
9.999999999999990841e-02
3.999999999999996336e-01
3.999999999999996336e-01
3.999999999999996336e-01
9.999999999999990841e-02
2.999999999999997113e-01
2.999999999999997113e-01
9.999999999999990841e-02
3.999999999999996336e-01
9.999999999999990841e-02
0.000000000000000000e+00
3.999999999999996336e-01
3.999999999999996336e-01
3.999999999999996336e-01
9.999999999999990841e-02
5.999999999999994227e-01
2.999999999999997113e-01
2.999999999999997113e-01
1.999999999999998168e-01
3.999999999999996336e-01
9.999999999999990841e-02
1.999999999999998168e-01
5.999999999999994227e-01
2.999999999999997113e-01
2.999999999999997113e-01
1.999999999999998168e-01
5.999999999999994227e-01
0.000000000000000000e+00
1.999999999999998168e-01
1.999999999999998168e-01
2.999999999999997113e-01
3.999999999999996336e-01
0.000000000000000000e+00
1.999999999999998168e-01
2.999999999999997113e-01
4.999999999999995559e-01
9.999999999999990841e-02
3.999999999999996336e-01
5.999999999999994227e-01
1.999999999999998168e-01
9.999999999999990841e-02
2.999999999999997113e-01
1.999999999999998168e-01
0.000000000000000000e+00
2.999999999999997113e-01
3.999999999999996336e-01
3.999999999999996336e-01
1.999999999999998168e-01
3.999999999999996336e-01
4.999999999999995559e-01
3.999999999999996336e-01
3.999999999999996336e-01
3.999999999999996336e-01
1.999999999999998168e-01
9.999999999999990841e-02
7.999999999999992673e-01
2.999999999999997113e-01
3.999999999999996336e-01
9.999999999999990841e-02
9.999999999999990841e-02
5.999999999999994227e-01
2.999999999999997113e-01
2.999999999999997113e-01
2.999999999999997113e-01
9.999999999999990841e-02
9.999999999999990841e-02
2.999999999999997113e-01
2.999999999999997113e-01
9.999999999999990841e-02
9.999999999999990841e-02
9.999999999999990841e-02
4.999999999999995559e-01
3.999999999999996336e-01
3.999999999999996336e-01
4.999999999999995559e-01
4.999999999999995559e-01
9.999999999999990841e-02
5.999999999999994227e-01
3.999999999999996336e-01
2.999999999999997113e-01
9.999999999999990841e-02
2.999999999999997113e-01
1.999999999999998168e-01
1.999999999999998168e-01
5.999999999999994227e-01
0.000000000000000000e+00
9.999999999999990841e-02
3.999999999999996336e-01
1.999999999999998168e-01
1.999999999999998168e-01
2.999999999999997113e-01
2.999999999999997113e-01
3.999999999999996336e-01
1.999999999999998168e-01
3.999999999999996336e-01
9.999999999999990841e-02
5.999999999999994227e-01
2.999999999999997113e-01
2.999999999999997113e-01
1.999999999999998168e-01
4.999999999999995559e-01
2.999999999999997113e-01
4.999999999999995559e-01
3.999999999999996336e-01
9.999999999999990841e-02
6.999999999999994005e-01
9.999999999999990841e-02
9.999999999999990841e-02
1.999999999999998168e-01
3.999999999999996336e-01
1.999999999999998168e-01
1.999999999999998168e-01
1.999999999999998168e-01
2.999999999999997113e-01
9.999999999999990841e-02
3.999999999999996336e-01
4.999999999999995559e-01
1.999999999999998168e-01
3.999999999999996336e-01
1.999999999999998168e-01
4.999999999999995559e-01
1.999999999999998168e-01
2.999999999999997113e-01
4.999999999999995559e-01
3.999999999999996336e-01
3.999999999999996336e-01
9.999999999999990841e-02
1.999999999999998168e-01
1.999999999999998168e-01
1.999999999999998168e-01
2.999999999999997113e-01
1.999999999999998168e-01
7.999999999999992673e-01
6.999999999999994005e-01
6.999999999999994005e-01
2.999999999999997113e-01
2.999999999999997113e-01
5.999999999999994227e-01
9.999999999999990841e-02
2.999999999999997113e-01
1.999999999999998168e-01
2.999999999999997113e-01
1.999999999999998168e-01
3.999999999999996336e-01
2.999999999999997113e-01
3.999999999999996336e-01
1.999999999999998168e-01
9.999999999999990841e-02
3.999999999999996336e-01
1.999999999999998168e-01
6.999999999999994005e-01
1.999999999999998168e-01
4.999999999999995559e-01
2.999999999999997113e-01
3.999999999999996336e-01
1.999999999999998168e-01
1.999999999999998168e-01
2.999999999999997113e-01
3.999999999999996336e-01
4.999999999999995559e-01
1.999999999999998168e-01
1.999999999999998168e-01
2.999999999999997113e-01
1.999999999999998168e-01
3.999999999999996336e-01
3.999999999999996336e-01
5.999999999999994227e-01
3.999999999999996336e-01
2.999999999999997113e-01
5.999999999999994227e-01
2.999999999999997113e-01
4.999999999999995559e-01
5.999999999999994227e-01
2.999999999999997113e-01
3.999999999999996336e-01
3.999999999999996336e-01
4.999999999999995559e-01
4.999999999999995559e-01
5.999999999999994227e-01
5.999999999999994227e-01
9.999999999999990841e-02
3.999999999999996336e-01
0.000000000000000000e+00
1.999999999999998168e-01
1.999999999999998168e-01
1.999999999999998168e-01
3.999999999999996336e-01
1.999999999999998168e-01
1.999999999999998168e-01
9.999999999999990841e-02
0.000000000000000000e+00
1.999999999999998168e-01
2.999999999999997113e-01
0.000000000000000000e+00
9.999999999999990841e-02
0.000000000000000000e+00
0.000000000000000000e+00
0.000000000000000000e+00
0.000000000000000000e+00
9.999999999999990841e-02
4.999999999999995559e-01
1.999999999999998168e-01
9.999999999999990841e-02
0.000000000000000000e+00
0.000000000000000000e+00
0.000000000000000000e+00
