0.000000000000000000e+00
8.527204112080832843e-02
-1.472795887919159386e-02
-8.806129221252492756e-02
-1.530612922125248743e-01
-2.023946255458581589e-01
-2.260057366569692139e-01
-2.477676414188739740e-01
-2.388579191966517523e-01
-2.551868433589092322e-01
-2.727738473271631992e-01
-2.618230396471888932e-01
-2.703192156098578880e-01
-2.636195940123196024e-01
-2.753630756744148700e-01
-2.814369666655396340e-01
-2.801472718658381544e-01
-2.821055655254647299e-01
-2.729156036928732654e-01
-2.777904665009641727e-01
-2.758810842602800739e-01
-2.776400124687670723e-01
-2.766785067696266864e-01
-2.808997218309494670e-01
-2.849851156688479881e-01
-2.831382451507776787e-01
-2.819745083511754902e-01
-2.838852384892648906e-01
-2.879121474366940214e-01
-2.882860343466914776e-01
-2.838465613947747657e-01
-2.885704944442102349e-01
-2.820355381155982277e-01
-2.828281885530219419e-01
-2.843779656343040640e-01
-2.858608162150517717e-01
-2.844816493607431052e-01
-2.890456261895036350e-01
-2.882626343347259312e-01
-2.848185915831794590e-01
-2.874802246967911312e-01
-2.838194775576694528e-01
-2.863729950382027933e-01
-2.880220294875405207e-01
-2.873028241202902344e-01
-2.870074003289935782e-01
-2.876035989107088575e-01
-2.877678661139045357e-01
-2.895829569465812603e-01
-2.880923465948524442e-01
-2.877952466335046422e-01
-2.918469253057465740e-01
-2.873648620797020770e-01
-2.874192212037293692e-01
-2.879259452185347068e-01
-2.858770131762704003e-01
-2.884984777059249605e-01
-2.879520030691340993e-01
-2.890938906755697313e-01
-2.868358560282825431e-01
-2.879297571650095700e-01
-2.900263490150244983e-01
-2.882005135588016076e-01
-2.911322851439471227e-01
-2.881092764770782355e-01
-2.915492099191588915e-01
-2.898313111676757425e-01
-2.904757701073777398e-01
-2.914301325737235770e-01
-2.912019034254889616e-01
-2.929633009441385272e-01
-2.901960622885568775e-01
-2.913316825376547903e-01
-2.902978729019100590e-01
-2.895329577173362257e-01
-2.909253588637000232e-01
-2.909937141421454765e-01
-2.892249167397492604e-01
-2.905548429543267641e-01
-2.911308308295095792e-01
-2.921829947785704040e-01
-2.895113543841220105e-01
-2.912497076048612965e-01
-2.905896666951633400e-01
-2.925358363531910810e-01
-2.914080515553560957e-01
-2.932940064684491088e-01
-2.908034306905621924e-01
-2.921833619679569671e-01
-2.922274577903011261e-01
-2.909223977559814989e-01
-2.909498757899253718e-01
-2.929477623238733175e-01
-2.921281718194567723e-01
-2.910832802934495422e-01
-2.913211727888151970e-01
-2.913591381907499889e-01
-2.918066308308569501e-01
-2.916369249195145397e-01
-2.914644130816189116e-01
-2.920953234212156913e-01
-2.921276357558451053e-01
-2.911730537505311522e-01
-2.915866491206607347e-01
-2.914285232084363186e-01
-2.922203452061366002e-01
-2.928175096935965449e-01
-2.932147771111017209e-01
-2.915657997887461383e-01
-2.934145445756093373e-01
-2.916251096582497260e-01
-2.918171223997234609e-01
-2.914876835534818689e-01
-2.920444166196718427e-01
-2.918974014909500037e-01
-2.924424757714675360e-01
-2.928117047144696561e-01
-2.916346575615442194e-01
-2.914814054781943997e-01
-2.923477357413679090e-01
-2.913747903530428673e-01
-2.915597508748430933e-01
-2.928987112725983666e-01
-2.919488593051540737e-01
-2.911571596890781821e-01
-2.926193924856704820e-01
-2.912191607332110799e-01
-2.923381258229238444e-01
-2.926780383084393033e-01
-2.931616804251545583e-01
-2.922543721218526791e-01
-2.916556414230285221e-01
-2.925834716257356138e-01
-2.918546920577368420e-01
-2.927662180820163607e-01
-2.923430570955086183e-01
-2.922104228366643186e-01
-2.935416994920196920e-01
-2.926903772894292599e-01
-2.931305662058837358e-01
-2.925736917886677668e-01
-2.940034605310316573e-01
-2.930327159330776143e-01
-2.926182019355123010e-01
-2.933244189004158287e-01
-2.918217275689929391e-01
-2.925162723633681350e-01
-2.926720970661585985e-01
-2.916059598128871166e-01
-2.922908984827732315e-01
-2.931117118098819363e-01
-2.935252022760833635e-01
-2.920884670594340871e-01
-2.940571125274282771e-01
-2.926456806561280044e-01
-2.931661377293651727e-01
-2.927948702820771243e-01
-2.930595952575537066e-01
-2.924389186031051135e-01
-2.927009837831153760e-01
-2.939652902848409188e-01
-2.928598677699097430e-01
-2.932349459711094397e-01
-2.928783084932522485e-01
-2.927654610109844402e-01
-2.936251558618083179e-01
-2.931550504272794622e-01
-2.925628516429524262e-01
-2.922150713361185703e-01
-2.927012554026051649e-01
-2.930689782705055979e-01
-2.937825847235850385e-01
-2.936759508899146054e-01
-2.932189877347446960e-01
-2.933399762864072335e-01
-2.938057418358040462e-01
-2.927909008278085090e-01
-2.932480884947202826e-01
-2.925848135399528038e-01
-2.930400083465699579e-01
-2.926074702651212944e-01
-2.926167959586716827e-01
-2.929581173246830761e-01
-2.931882329690574940e-01
-2.936326342818537105e-01
-2.926679841516382496e-01
-2.932115074021615642e-01
-2.932225233097955353e-01
-2.930178235836095046e-01
-2.936607094860930744e-01
-2.929328680929119133e-01
-2.936714400792632129e-01
-2.930557895104417554e-01
-2.929576367581098184e-01
-2.934817201053713798e-01
-2.935933627829154235e-01
-2.932935986950267471e-01
-2.930963123807946435e-01
-2.936086071291995059e-01
-2.934158013327090031e-01
-2.935213980914589960e-01
-2.935279262384564158e-01
-2.934348894106729166e-01
-2.930467122315632555e-01
-2.932491292387618409e-01
-2.933548914175307942e-01
-2.934591575808337960e-01
-2.925962255395858080e-01
-2.933715563150586791e-01
-2.934774497760137546e-01
-2.931981945501286324e-01
-2.936780547828451438e-01
-2.928362140485482601e-01
-2.928411431757611538e-01
-2.930368989927267798e-01
-2.934177679029753016e-01
-2.937033746617089269e-01
-2.938015783067606246e-01
-2.936227919958316335e-01
-2.936270220441075662e-01
-2.931775000753955585e-01
-2.934539749027036404e-01
-2.937312292216396337e-01
-2.932885116609961207e-01
-2.935608184898244599e-01
-2.933005493663497498e-01
-2.930402269786920866e-01
-2.933108323069424928e-01
-2.934059539380850512e-01
-2.930627972855621155e-01
-2.935902842635669252e-01
-2.935974927553142155e-01
-2.935161896286574423e-01
-2.939502259639530379e-01
-2.936989942086134509e-01
-2.937023037103804191e-01
-2.933676806793235614e-01
-2.931188437813016523e-01
-2.941329625972675110e-01
-2.938049672629490239e-01
-2.937241130807903833e-01
-2.933130051621856138e-01
-2.933997979134186362e-01
-2.940640569822128847e-01
-2.935776969861709773e-01
-2.938253047490158032e-01
-2.931795741063045191e-01
-2.935071152161432551e-01
-2.936746490257113873e-01
-2.934385881568882803e-01
-2.936828013963022066e-01
-2.932895319569487902e-01
-2.939286000421983958e-01
-2.936971313739068501e-01
-2.937002784559422652e-01
-2.936258895441982708e-01
-2.932392789208516093e-01
-2.938661352217659672e-01
-2.933292696402091115e-01
-2.937959176079983914e-01
-2.931089894896868331e-01
-2.931125605290400560e-01
-2.935004191908320292e-01
-2.936586526446349210e-01
-2.935117872646665904e-01
-2.933648789863064210e-01
-2.939709548194436861e-01
-2.933768090512522964e-01
-2.935288874246095303e-01
-2.936082597288026119e-01
-2.936867748082640506e-01
-2.933957035874167341e-01
-2.937671785288539783e-01
-2.937720585848678234e-01
-2.933376088781172175e-01
-2.939229030610056581e-01
-2.941453318653574067e-01
-2.940760360379862104e-01
-2.942939591567410029e-01
-2.935077653317991198e-01
-2.942950296165221524e-01
-2.937299769245199643e-01
-2.939442780921180942e-01
-2.940184759082123400e-01
-2.938803902771809362e-01
-2.942337568840966422e-01
-2.933276295015861956e-01
-2.936777835155063854e-01
-2.934743124369563749e-01
-2.934779462617442269e-01
-2.940339933184415999e-01
-2.935571892380891557e-01
-2.935595658324752777e-01
-2.939048585616257925e-01
-2.935686966332132775e-01
-2.939782664647982435e-01
-2.938470477561698213e-01
-2.934455315690128741e-01
-2.933813735526471511e-01
-2.939876692961594928e-01
-2.933921579139146529e-01
-2.937932884440908055e-01
-2.934665857982804438e-01
-2.938657101231487712e-01
-2.937382804293359739e-01
-2.939378287859131800e-01
-2.942025009377101097e-01
-2.938141951725416479e-01
-2.935561609450789144e-01
-2.935591181091780633e-01
-2.937564464896106897e-01
-2.936315874567168582e-01
-2.939552140989911688e-01
-2.933836370108840463e-01
-2.935771807840694136e-01
-2.938989087900005237e-01
-2.941557150497952078e-01
-2.940321473844614286e-01
-2.940339468933589329e-01
-2.939734321958502039e-01
-2.934131009833059744e-01
-2.941631150851232168e-01
-2.937945276872843681e-01
-2.939201154389687876e-01
-2.939847247944993303e-01
-2.941718258512385220e-01
-2.938673572441363180e-01
-2.940525441952921426e-01
-2.936893143222282787e-01
-2.939953186221793691e-01
-2.934530114844731696e-01
-2.936969167420472315e-01
-2.934597930896216678e-01
-2.940034298527963164e-01
-2.938275860377950188e-01
-2.940088532886200867e-01
-2.941305805887432512e-01
-2.943107559762523917e-01
-2.938391505865791675e-01
-2.937223871733135039e-01
-2.938426483741741202e-01
-2.940802013703790463e-01
-2.940243104654229334e-01
-2.936180357059733903e-01
-2.939107788699669155e-01
-2.937980540095994630e-01
-2.938004158015335987e-01
-2.935725480922241060e-01
-2.936901559746311619e-01
-2.935788534267427807e-01
-2.938675328636130013e-01
-2.940987268962410583e-01
-2.937034440156034987e-01
-2.941584843328356458e-01
-2.938223953917722953e-01
-2.938803375735930534e-01
-2.941076003923779325e-01
-2.941659970907129495e-01
-2.936649366395587823e-01
-2.938893432183567467e-01
-2.939478516134668706e-01
-2.938393713244387140e-01
-2.942282666483771458e-01
-2.939001360355803505e-01
-2.939564538713793085e-01
-2.940683109202658629e-01
-2.935786155787571960e-01
-2.942343639383182552e-01
-2.938570523711999116e-01
-2.941835932788987584e-01
-2.942940551883798106e-01
-2.940259807021272098e-01
-2.938658567873175809e-01
-2.935996422515992355e-01
-2.941901826315240220e-01
-2.937665248091976267e-01
-2.939807210226222933e-01
-2.938771704498636117e-01
-2.938262372166799419e-01
-2.938284820410317355e-01
-2.938834865717225853e-01
-2.938858474033188006e-01
-2.939404140847519664e-01
-2.938381741669343628e-01
-2.942568917315032118e-01
-2.938955664969896131e-01
-2.937931599351960577e-01
-2.941053883392844570e-01
-2.940047048314081146e-01
-2.938006497428217734e-01
-2.941101965480725222e-01
-2.939591154972703846e-01
-2.940117118297477239e-01
-2.936574340775388592e-01
-2.937607748060907520e-01
-2.940672824638164706e-01
-2.940192197973344190e-01
-2.938697504684058548e-01
-2.939217824761492515e-01
-2.940241840009882868e-01
-2.942261994419959059e-01
-2.939287026212432652e-01
-2.941289557541716393e-01
-2.941805668118836481e-01
-2.940335346414010287e-01
-2.938867380786042705e-01
-2.941840149855938780e-01
-2.939895216706076009e-01
-2.934516391801507695e-01
-2.939424422051106212e-01
-2.940918966434009629e-01
-2.940938078761846097e-01
-2.938040895806404151e-01
-2.942414604063135486e-01
-2.943886195108993964e-01
-2.941970207120389036e-01
-2.941016825855203853e-01
-2.939590709264487955e-01
-2.941041098649503915e-01
-2.937240833445511901e-01
-2.940589020326803693e-01
-2.943463221645916117e-01
-2.941583341476401992e-01
-2.939701110665872696e-01
-2.943488130117088430e-01
-2.939741255947972975e-01
-2.940219639653782746e-01
-2.938832141604236781e-01
-2.943054244289138865e-01
-2.938878131112420133e-01
-2.941213538890333767e-01
-2.943089180323464893e-01
-2.939399518401940581e-01
-2.941256771077387366e-01
-2.940353268935428921e-01
-2.942206194953163600e-01
-2.938552356237237873e-01
-2.943140624873024636e-01
-2.937681098006710845e-01
-2.939968430498553498e-01
-2.942262972523065345e-01
-2.940011977417154587e-01
-2.942285770666631661e-01
-2.941399241572669743e-01
-2.942311389811690381e-01
-2.941875165872857578e-01
-2.942334735825727909e-01
-2.941004544378119645e-01
-2.938337010567775853e-01
-2.943696197749098298e-01
-2.941493847922930227e-01
-2.943275629277792294e-01
-2.939748606580599444e-01
-2.941964950862087647e-01
-2.941541010294271286e-01
-2.941552690817194060e-01
-2.941126678927934446e-01
-2.938513389864421677e-01
-2.943766998837923921e-01
-2.942914637615543505e-01
-2.942922273680660950e-01
-2.939894865765642074e-01
-2.940770098049432790e-01
-2.938626220561368907e-01
-2.941657491015555181e-01
-2.940815885355835824e-01
-2.942115503591407610e-01
-2.942557610022747960e-01
-2.938295140119330240e-01
-2.943422479093251720e-01
-2.939611807707449009e-01
-2.941743139150545527e-01
-2.942183113263012739e-01
-2.937543655439844303e-01
-2.941773816780622886e-01
-2.939689050324521546e-01
-2.941381289341352123e-01
-2.938042904725979843e-01
-2.941820934641148355e-01
-2.941422681371975156e-01
-2.939767386901455670e-01
-2.937284760929355643e-01
-2.940204910725809362e-01
-2.941053761301093972e-01
-2.939415485842552522e-01
-2.942727291672430634e-01
-2.942331950320474787e-01
-2.939877232244744731e-01
-2.940707042979317509e-01
-2.941540176632788106e-01
-2.940329100195671064e-01
-2.942784781279498274e-01
-2.944831428614043123e-01
-2.940378071225630552e-01
-2.940787885315059302e-01
-2.940801827774788824e-01
-2.940008464273734523e-01
-2.943643228380408705e-01
-2.939641764775023369e-01
-2.942454663292882189e-01
-2.940069938940915728e-01
-2.943273182305185531e-01
-2.941693918659470386e-01
-2.940509040739960889e-01
-2.940520123418794984e-01
-2.940137490840680212e-01
-2.941336620218887865e-01
-2.943717571102421049e-01
-2.937823758048430656e-01
-2.939795392660787265e-01
-2.940206090368127634e-01
-2.942960462571906355e-01
-2.938286777998515564e-01
-2.941024242182180282e-01
-2.941041737923023591e-01
-2.941442233741682899e-01
-2.942229516398405798e-01
-2.943788196001984603e-01
-2.941095242473786842e-01
-2.943414108355848491e-01
-2.942656770560306279e-01
-2.940360926952698128e-01
-2.941136066451225939e-01
-2.942296522783614532e-01
-2.941544888284264303e-01
-2.943459141743328122e-01
-2.940808447257601266e-01
-2.942713229889571958e-01
-2.940073970687932525e-01
-2.942729105581887716e-01
-2.945384210521706514e-01
-2.941626301827186540e-01
-2.942757684117168204e-01
-2.943143525180891840e-01
-2.941653865826350245e-01
-2.943530755664875431e-01
-2.941302445446527525e-01
-2.943171623906726819e-01
-2.943182733838595744e-01
-2.941706125239124670e-01
-2.943195193489038242e-01
-2.941357066804293208e-01
-2.942840617349132271e-01
-2.942483200262553389e-01
-2.943226654254176289e-01
-2.945804262306523369e-01
-2.942881282333149606e-01
-2.939593303039704231e-01
-2.943980891190176585e-01
-2.943266294260763472e-01
-2.941817746438221137e-01
-2.941462053687823874e-01
-2.939298035286290744e-01
-2.942201864463693806e-01
-2.941133239109011144e-01
-2.941502748522215049e-01
-2.944391500949702367e-01
-2.944042805869396817e-01
-2.942614289897787505e-01
-2.943335643713391181e-01
-2.939772546032844991e-01
-2.941205601193412900e-01
-2.944421805895831024e-01
-2.943366875145562167e-01
-2.942662722278356902e-01
-2.942315665134367930e-01
-2.943030535923261137e-01
-2.940922888522304324e-01
-2.943043045305523964e-01
-2.944108698557315607e-01
-2.943414376703782920e-01
-2.941318353744474257e-01
-2.941674761457914733e-01
-2.941336124869864954e-01
-2.943436481711910191e-01
-2.940316383388296706e-01
-2.938934166560310257e-01
-2.942412439013349923e-01
-2.942772898221363009e-01
-2.941745034922189639e-01
-2.943821770595587139e-01
-2.943142828347514173e-01
-2.942805127004208821e-01
-2.943498328994679225e-01
-2.940081333210069481e-01
-2.941455318269551866e-01
-2.941467601982148961e-01
-2.942158955083549743e-01
-2.943189247578124057e-01
-2.944216617075082199e-01
-2.942867617653410761e-01
-2.943211209822136354e-01
-2.943218662476086434e-01
-2.939852841867266475e-01
-2.943226681810559575e-01
-2.941558491469256076e-01
-2.939887439299762040e-01
-2.941907072628610620e-01
-2.939912745119400150e-01
-2.943260612425181999e-01
-2.942939557164636066e-01
-2.939618457291702236e-01
-2.944276829437262322e-01
-2.943294509589003960e-01
-2.941312726078001982e-01
-2.941319312985775092e-01
-2.944629489326887617e-01
-2.941673904937770478e-01
-2.940691421548732865e-01
-2.941685847959002453e-01
-2.943663861347925459e-01
-2.940399693984313556e-01
-2.942039588963796803e-01
-2.943355869379469802e-01
-2.942712937783099059e-01
-2.943044521066696673e-01
-2.942402583811840611e-01
-2.942733596887570080e-01
-2.941446990099512160e-01
-2.943716046629244465e-01
-2.939854486304555037e-01
-2.942758775422368855e-01
-2.941806082661094779e-01
-2.943097448332634980e-01
-2.943106219977075222e-01
-2.942152911401810234e-01
-2.944395999850396017e-01
-2.940257445906839795e-01
-2.944083693659931278e-01
-2.942505032519844299e-01
-2.945684708543863106e-01
-2.943473574718620811e-01
-2.944109009655722087e-01
-2.942219287719028964e-01
-2.941593373805994616e-01
-2.944750949083274616e-01
-2.941929700993630159e-01
-2.942247642343250869e-01
-2.943823425866445853e-01
-2.943518311541639121e-01
-2.941023711796210693e-01
-2.941965617064931648e-01
-2.942598414381124572e-01
-2.941984594741508530e-01
-2.944476335695562219e-01
-2.943244234911144286e-01
-2.942010184219343016e-01
-2.943871135307257747e-01
-2.941410131301968600e-01
-2.943264381615504077e-01
-2.941427257703950193e-01
-2.942662304105143067e-01
-2.941751034674296439e-01
-2.942064384267997212e-01
-2.943296079304874580e-01
-2.942693354426285102e-01
-2.940870158556600500e-01
-2.943921279156852533e-01
-2.943323117196723904e-01
-2.943024723129402109e-01
-2.942424657177273861e-01
-2.943943953494463917e-01
-2.941232253995392232e-01
-2.941840603369897944e-01
-2.943355734898205900e-01
-2.942762410064254097e-01
-2.943669202637668181e-01
-2.942776424794681378e-01
-2.942781829564373175e-01
-2.943685421737762264e-01
-2.941005567647057006e-01
-2.943395424825975271e-01
-2.942511904024107672e-01
-2.943112029082006198e-01
-2.941635423273056826e-01
-2.942530486324478889e-01
-2.944313983610749030e-01
-2.943139314633596015e-01
-2.943143688682535730e-01
-2.941971583048011984e-01
-2.942860018195231908e-01
-2.940224640817469259e-01
-2.941110886522156909e-01
-2.942292518949645164e-01
-2.942593935181033737e-01
-2.944061069589562485e-01
-2.943193264419898814e-01
-2.942033466049014390e-01
-2.942330103148392273e-01
-2.945240474879514125e-01
-2.943798372684794384e-01
-2.944090759246172917e-01
-2.943228737882165880e-01
-2.944387740522202979e-01
-2.943529024169047048e-01
-2.943245415317636282e-01
-2.942963447738071725e-01
-2.942395347556542862e-01
-2.942114998188424813e-01
-2.942694231723811948e-01
-2.944130181138959745e-01
-2.942995495485704605e-01
-2.940435879257289886e-01
-2.943002428465406606e-01
-2.943580331461904676e-01
-2.944153774242509458e-01
-2.943309155626829821e-01
-2.941333378844014357e-01
-2.942751416178993051e-01
-2.942195628040696898e-01
-2.941920315607757241e-01
-2.944177817662259611e-01
-2.943342648102125203e-01
-2.945871542591788073e-01
-2.942795824021325335e-01
-2.944476114995032145e-01
-2.945320366063147177e-01
-2.943650635901078894e-01
-2.943096261559475235e-01
-2.944770293482828483e-01
-2.944220548103984592e-01
-2.944501420913012701e-01
-2.942843607949976459e-01
-2.942847450505825524e-01
-2.943958549926877777e-01
-2.944792249427962139e-01
-2.942592967112349078e-01
-2.943146594814363137e-01
-2.942328856657329683e-01
-2.943157571326708855e-01
-2.943438325754290652e-01
-2.944538355873941859e-01
-2.941811363063884244e-01
-2.941542251512612172e-01
-2.942912099231587697e-01
-2.942375687445573651e-01
-2.943740317186823718e-01
-2.942932859793806477e-01
-2.944021666394897596e-01
-2.943215640317763948e-01
-2.943490313185868068e-01
-2.940526836733066696e-01
-2.941071027131457183e-01
-2.944310263675278261e-01
-2.943512156903316246e-01
-2.943516142574613692e-01
-2.943521192751408222e-01
-2.945132656534831805e-01
-2.942196504657880185e-01
-2.943801507237662762e-01
-2.942208284683174857e-01
-2.942745539119332454e-01
-2.944879942449264432e-01
-2.942495525516558574e-01
-2.945151227965288609e-01
-2.943038359174924845e-01
-2.942512073937923467e-01
-2.943310278996862372e-01
-2.941733455137831021e-01
-2.940421161738351330e-01
-2.943060038230001507e-01
-2.943331862707075919e-01
-2.943074932983403835e-01
-2.943604353332138768e-01
-2.942300956284767954e-01
-2.942567198422623709e-01
-2.941790408125635747e-01
-2.944143357787133986e-01
-2.943890088491126766e-01
-2.942853854721301787e-01
-2.942858256669744210e-01
-2.944939223899407654e-01
-2.942872412153452188e-01
-2.942357975368060652e-01
-2.942105271461908922e-01
-2.944434202576004522e-01
-2.943925406593181915e-01
-2.943156867836703161e-01
-2.944189456759838119e-01
-2.945478446132052674e-01
-2.944969587326965454e-01
-2.941642828226658235e-01
-2.943947572474055474e-01
-2.943699343560345905e-01
-2.943193389499526580e-01
-2.943452727391541734e-01
-2.942949020265959170e-01
-2.941937364435464053e-01
-2.942704281400598809e-01
-2.942711052280644890e-01
-2.943476337479874472e-01
-2.942470735124009806e-01
-2.943990688724151261e-01
-2.943744546042774135e-01
-2.942237353221701102e-01
-2.942241799816354142e-01
-2.943755671971592935e-01
-2.944765757026769348e-01
-2.942514533864890036e-01
-2.943769244542944197e-01
-2.945275200861602882e-01
-2.944280831753299243e-01
-2.942787071638499063e-01
-2.945281466105545976e-01
-2.943048247843298992e-01
-2.943050729983281988e-01
-2.944048535617213580e-01
-2.943310281414993623e-01
-2.942571705985754238e-01
-2.945048800308840975e-01
-2.943079303867860985e-01
-2.944561709279060469e-01
-2.943581660368868591e-01
-2.943339000934074856e-01
-2.943343543843685572e-01
-2.945311569104860916e-01
-2.945561490728572096e-01
-2.942871121107625831e-01
-2.945562708024573872e-01
-2.944102889303797377e-01
-2.945080592816928244e-01
-2.943379224606804123e-01
-2.943138590781956276e-01
-2.944115383448038248e-01
-2.943877690484457688e-01
-2.943881525884874395e-01
-2.942674990652801581e-01
-2.943888289398758906e-01
-2.943652304613902926e-01
-2.943415140921976647e-01
-2.942937583433034576e-01
-2.944626950999664761e-01
-2.943911015909952411e-01
-2.944874584502740200e-01
-2.942720350177658317e-01
-2.944160356170819060e-01
-2.943448106456242885e-01
-2.944168679016124779e-01
-2.942979933768315459e-01
-2.943937157737058774e-01
-2.944656562088277529e-01
-2.941806790900470814e-01
-2.944422732737411175e-01
-2.944191976863023696e-01
-2.944432328588206804e-01
-2.943252550614158247e-01
-2.942783102931183503e-01
-2.942787857403648677e-01
-2.945859197599239310e-01
-2.944686631911828112e-01
-2.944923597077937494e-01
-2.943751555899183359e-01
-2.942345870443448530e-01
-2.941646606707097322e-01
-2.943994304269566542e-01
-2.944234810681361503e-01
-2.943771358910943770e-01
-2.944708400659030723e-01
-2.942381487174043353e-01
-2.943548624762091226e-01
-2.944019436508158449e-01
-2.944023769799714585e-01
-2.942867459071505376e-01
-2.942407732326420833e-01
-2.944033209328412171e-01
-2.944038841532418682e-01
-2.944504484002930522e-01
-2.944508221889043376e-01
-2.944050589521288730e-01
-2.942442731485503393e-01
-2.943595868266274396e-01
-2.943371800364215085e-01
-2.943376024814359226e-01
-2.943838691238674921e-01
-2.944987322318741163e-01
-2.944534111915944607e-01
-2.944308418156210694e-01
-2.943399348004416272e-01
-2.942947151160037467e-01
-2.942951565540910530e-01
-2.942274670583674423e-01
-2.944776745524935180e-01
-2.942741603708844966e-01
-2.944103441583439396e-01
-2.942751108987379238e-01
-2.944562607458801606e-01
-2.944116251341199475e-01
-2.943217397881597308e-01
-2.943671410648996956e-01
-2.942551120650021002e-01
-2.944352927591754598e-01
-2.943684833841072046e-01
-2.940549101398471366e-01
-2.942792768537274006e-01
-2.943918865279324670e-01
-2.943030023737709944e-01
-2.943703417402344646e-01
-2.945045947575203327e-01
-2.942822758456483112e-01
-2.944382528913899177e-01
-2.943498592058716445e-01
-2.943945758606860696e-01
-2.943949950399247784e-01
-2.944618094175753820e-01
-2.943958060589905168e-01
-2.945286968318762688e-01
-2.943745380601546224e-01
-2.942645041704603504e-01
-2.944190784224637314e-01
-2.945075970745085203e-01
-2.944200244156697788e-01
-2.943104968216024853e-01
-2.943327642936019450e-01
-2.944865621709925052e-01
-2.944213490359657848e-01
-2.944434707810020813e-01
-2.944001373856344195e-01
-2.943568271218374721e-01
-2.943571842258609350e-01
-2.945099275683608075e-01
-2.944016349321144088e-01
-2.945104492983585120e-01
-2.942721915152208823e-01
-2.945757857834557791e-01
-2.944896989515985997e-01
-2.942952688684588591e-01
-2.944683123457024765e-01
-2.944256291634055334e-01
-2.942965986101011011e-01
-2.945552663493000156e-01
-2.944912140485140828e-01
-2.944269527085891514e-01
-2.944915844090512658e-01
-2.943204172130926555e-01
-2.944063233956088488e-01
-2.944923207663747156e-01
-2.945140319153956576e-01
-2.944289045281094364e-01
-2.945357424033373528e-01
-2.943017690852873791e-01
-2.945147395283468361e-01
-2.944726844696793355e-01
-2.944092165496696167e-01
-2.943670694387571229e-01
-2.944309664115637992e-01
-2.944313483051516078e-01
-2.941991041111427507e-01
-2.944950878604289390e-01
-2.944534516312813377e-01
-2.943272481233979998e-01
-2.943064844468168961e-01
-2.945172107462446509e-01
-2.944126114546820050e-01
-2.944128325964794346e-01
-2.944970205916833117e-01
-2.944764081584714810e-01
-2.942465242027053063e-01
-2.944139761888293627e-01
-2.944353555569676484e-01
-2.944356829633184014e-01
-2.942901544251123602e-01
-2.945401984167001497e-01
-2.944367034109351966e-01
-2.944784352494216884e-01
-2.942712685019820973e-01
-2.944580555731010074e-01
-2.943550086687296008e-01
-2.943139227362643329e-01
-2.943762914864817559e-01
-2.945005577776509398e-01
-2.944184460945506454e-01
-2.943980829648920605e-01
-2.945630104471808064e-01
-2.945839044614811941e-01
-2.944608705276332006e-01
-2.945020439167795323e-01
-2.943383831466479528e-01
-2.943795560381140541e-01
-2.944208541728099426e-01
-2.944824970766312666e-01
-2.943603614691888137e-01
-2.944013864047673179e-01
-2.943813941414373803e-01
-2.944020722416148539e-01
-2.944430748480556526e-01
-2.944231011289059619e-01
-2.944639580092621167e-01
-2.942616326371752522e-01
-2.943631144194322480e-01
-2.943838083792321147e-01
-2.944043789291914126e-01
-2.942432731274759461e-01
-2.944653735104900694e-01
-2.942845927307838338e-01
-2.944055812472513578e-01
-2.942452228212698584e-01
-2.943660284213019396e-01
-2.943464524293840645e-01
-2.944470154859551436e-01
-2.944273773542732675e-01
-2.943476582976664591e-01
