6.000002010040150156e-05
1.200602607420663513e-04
8.012026072228790115e-05
3.202204812236121405e-04
2.802805614645152818e-04
4.804007218257399354e-04
4.004006614844157199e-04
5.203408622867221637e-04
4.405208618450365439e-04
3.602606818856788858e-04
4.404406013042160592e-04
3.803406216051380840e-04
2.804409824268622653e-04
3.403205814847974002e-04
2.401405216453789799e-04
3.804207218661624602e-04
4.402407019055177575e-04
2.001803810233122372e-04
3.004407616846147574e-04
3.403004810029309850e-04
3.602606015043547847e-04
2.002806816845137687e-04
2.002606418057400746e-04
2.204006013039342337e-04
2.002605413640942971e-04
2.603004810228697953e-04
3.603006617050567720e-04
5.002804411440559375e-04
3.402205213642152740e-04
3.401204813840532954e-04
2.603205613240547572e-04
1.803408221259381256e-04
3.203805411233523362e-04
2.001804413045173679e-04
3.202805214449382706e-04
1.804207216648361903e-04
3.804807616043538450e-04
4.203405613241147434e-04
3.003405812232707531e-04
2.602205214243545118e-04
2.002606216247960818e-04
1.801204413844555185e-04
3.803005815249178747e-04
2.602405615046159311e-04
2.203405814042948740e-04
2.203006015849166897e-04
2.603206415242940563e-04
2.203206617052986865e-04
2.203006414436307024e-04
2.604807817853587804e-04
2.403407217650568124e-04
3.602205415850368714e-04
3.003406817453180906e-04
3.005408216241933425e-04
3.803605412842965159e-04
1.802405614846166906e-04
3.202406818653972176e-04
4.404409021659583170e-04
5.603806615243943703e-04
2.602407621261396652e-04
2.403007619857390324e-04
4.805008218251970577e-04
3.803606214845358692e-04
3.402405816654394555e-04
3.801803007424694840e-04
6.012034096297019949e-05
1.000601805215245281e-04
6.008008008014068018e-05
