0.000000000000000000e+00
3.367110359898383365e+00
2.302912435522197931e+00
2.304467687193611614e+00
3.357691010636294049e+00
4.044487191179710450e+00
4.406983008477564745e+00
4.625760707142874573e+00
4.774012707830086022e+00
4.874185594367775209e+00
4.950060936392700839e+00
5.012022424350338845e+00
5.062959876419566463e+00
5.107132738231788593e+00
5.146269526366683777e+00
5.174571464294378309e+00
5.199087004125447109e+00
5.224932838772169852e+00
5.244756297433423420e+00
5.261724286953383789e+00
5.277240511921193367e+00
5.291225009437440008e+00
5.304658840946283149e+00
5.316372156657942050e+00
5.329618334271055247e+00
5.337765559569957574e+00
5.345961985041235209e+00
5.356836993678995462e+00
5.362886842264766862e+00
5.370387915419041036e+00
5.377391742706453925e+00
5.382736550433261158e+00
5.389515626811520299e+00
5.395122126329392032e+00
5.401209683630287195e+00
5.405908711720986304e+00
5.410839679997727636e+00
5.414661698085969199e+00
5.418891816686930873e+00
5.422337903084189392e+00
5.426283932988988035e+00
5.429314724629198174e+00
5.432675417934925477e+00
5.436960714821825746e+00
5.439599719291053681e+00
5.441941227631899913e+00
5.444307780816853182e+00
5.447619160501885105e+00
5.449696535954862142e+00
5.454011154919888860e+00
5.455308334529258119e+00
5.457579928465508878e+00
5.460568714519979494e+00
5.462087432798589326e+00
5.464672024438826270e+00
5.466715441627614247e+00
5.467501330629387368e+00
5.469682098115494995e+00
5.471486285838023100e+00
5.473388673613096778e+00
5.475263465997872281e+00
5.476143323880196867e+00
5.477600201647214284e+00
5.479284252847841152e+00
5.480593914503900876e+00
5.481507712041398861e+00
5.483356334009406474e+00
5.484665795660212062e+00
5.486117664569558627e+00
5.486795657046001473e+00
5.488090259442744312e+00
5.489543801939911205e+00
5.490626905446762684e+00
5.491486338516129884e+00
5.492602680373728674e+00
5.492968341317618020e+00
5.494281649412778634e+00
5.495440100506012726e+00
5.496539613803095747e+00
5.497817546657914001e+00
5.498406633625126716e+00
5.499757079192147735e+00
5.500135030414099901e+00
5.500950711968993545e+00
5.501572357792186452e+00
5.502436652925260852e+00
5.503198336661399459e+00
5.503838711943833673e+00
5.505247388945498699e+00
5.505195677279258071e+00
5.506299681306723315e+00
5.506946700253204874e+00
5.507272408696977983e+00
5.508066156989444018e+00
5.508831845532114357e+00
5.509765284408963737e+00
5.510354099145515328e+00
5.510455161171973870e+00
5.511740254736681166e+00
5.512109820325822085e+00
5.512476429256172317e+00
5.512932882814277846e+00
5.513729756640813662e+00
5.514129381657324025e+00
5.514682781975113635e+00
5.515488510377016595e+00
5.515911501829547703e+00
5.516503893022608906e+00
5.516666018759799783e+00
5.517414216264353577e+00
5.517769261653795887e+00
5.518256125704699144e+00
5.518678247143024684e+00
5.518695246816877287e+00
5.519724930117768658e+00
5.519990845802325019e+00
5.520037838991488144e+00
5.520966418742110804e+00
5.521236017487290759e+00
5.521254548621814529e+00
5.522133685578236140e+00
5.522509067366469182e+00
5.522770126135746693e+00
5.523341486900116060e+00
5.523420871231010665e+00
5.523950272954404106e+00
5.524122172100264017e+00
5.524586135267750109e+00
5.524591336177321566e+00
5.525165722558349479e+00
5.525522634350730655e+00
5.525872637404185994e+00
5.526197772911237038e+00
5.526550477711964504e+00
5.526660841024003901e+00
5.527120084921065768e+00
5.527343341616925088e+00
5.527756845973765820e+00
5.528315071966398264e+00
5.528267077955531406e+00
5.528664277278581451e+00
5.528679596770170512e+00
5.529223967490246139e+00
5.529426024719088950e+00
5.529882899150421416e+00
5.529769073221380005e+00
5.530075679924721932e+00
5.530541675844264482e+00
5.530875279910929976e+00
5.531292174414548235e+00
5.531328479876687076e+00
5.531791987057119719e+00
5.531711857297097801e+00
5.532092873987200399e+00
5.532268710231788234e+00
5.532686912933023393e+00
5.533065245695934387e+00
5.533008040998639743e+00
5.533352259276858476e+00
5.533367565523808373e+00
5.533865400314869731e+00
5.533902035662422669e+00
5.534197650161511994e+00
5.534429862259020005e+00
5.534541839977499933e+00
5.534745392105097750e+00
5.534917674059901316e+00
5.535502823190861399e+00
5.535332974336467871e+00
5.535792814789878058e+00
5.535598498773706133e+00
5.536100971231297407e+00
5.536077835856822560e+00
5.536129609238978233e+00
5.536344608995681149e+00
5.536706760192673826e+00
5.536762245023873596e+00
5.537060508150213778e+00
5.537369185734814181e+00
5.537376028355429192e+00
5.537566682576589905e+00
5.537708730343759100e+00
5.538010543032655164e+00
5.537805024083954919e+00
5.538129601456685869e+00
5.538555648500027573e+00
5.538422456573420583e+00
5.538958263114112768e+00
5.538868042928680957e+00
5.538814614702050498e+00
5.539240073139009013e+00
5.539167568330725544e+00
5.539688973875710687e+00
5.539830101002247709e+00
5.539837955109248924e+00
5.539938551004873091e+00
5.540075604434633760e+00
5.540508884169345727e+00
5.540575203020272177e+00
5.540685886033701379e+00
5.540743683128084740e+00
5.540605606861253030e+00
5.541062386449254085e+00
5.541131550010780948e+00
5.541316201765736693e+00
5.541355002587534884e+00
5.541949510755051378e+00
5.541899384088591063e+00
5.541661523395012168e+00
5.541932935740363497e+00
5.542042046202401373e+00
5.542231795446663334e+00
5.542385629816148018e+00
5.542343281455443638e+00
5.542361784669937563e+00
5.542603216257871779e+00
5.542854486479029674e+00
5.542848465958131854e+00
5.543027694505706648e+00
5.543196045274010331e+00
5.543141226407739097e+00
5.543331461742511124e+00
5.543392746644792091e+00
5.543834487213535667e+00
5.543695180081063434e+00
5.543890341650582698e+00
5.543999431346080975e+00
5.544055878498477696e+00
5.544249306735181015e+00
5.544173805633486829e+00
5.544324746657292025e+00
5.544409729455738400e+00
5.544386657228128179e+00
5.544625869950674080e+00
5.544987092171854037e+00
5.544883738239627213e+00
5.544928091282730342e+00
5.545016752836837703e+00
5.545215453751745294e+00
5.545209246258361091e+00
5.545343703943212965e+00
5.545463896591591002e+00
5.545506478125564520e+00
5.545572874269479868e+00
5.545559692425466203e+00
5.546006578458448466e+00
5.546032095801122885e+00
5.545991267834445182e+00
5.546226674887233088e+00
5.546283412876149121e+00
5.546350256158673275e+00
5.546511844556256676e+00
5.546477460385563774e+00
5.546599422371335741e+00
5.546738897553531444e+00
5.546680120974743389e+00
5.546827944913233388e+00
5.546917759613819499e+00
5.547125960260362199e+00
5.547050455793419488e+00
5.547044628542724176e+00
5.547181313353529930e+00
5.547386051281747221e+00
5.547450596545973944e+00
5.547432421309319572e+00
5.547571626112884680e+00
5.547789137442744156e+00
5.547832809857563774e+00
5.547715889284381419e+00
5.547723937774915903e+00
5.547880658837265777e+00
5.548052512407226189e+00
5.548140828577111883e+00
5.548117613646475377e+00
5.548317244191834696e+00
5.548426424624230080e+00
5.548508859088190803e+00
5.548437487413855784e+00
5.548501752332479775e+00
5.548724087105015634e+00
5.548636702729455195e+00
5.548758212601397233e+00
5.548815846696334653e+00
5.548940959752588498e+00
5.549039848118529683e+00
5.549160468612239328e+00
5.549031864053658225e+00
5.549331569229270400e+00
5.549263556690696930e+00
5.549399294723444065e+00
5.549384917246102944e+00
5.549585256746972561e+00
5.549664514067833565e+00
5.549588056924072532e+00
5.549656747046745053e+00
5.549668179261646905e+00
5.549638379248039932e+00
5.549899898275738153e+00
5.549862354117821361e+00
5.549914926333365806e+00
5.549993284107426206e+00
5.550091193993272221e+00
5.550254854240649571e+00
5.550098952307432221e+00
5.550242079473276746e+00
5.550380260925989795e+00
5.550437601656172504e+00
5.550504465718241853e+00
5.550511247268980597e+00
5.550773573707941111e+00
5.550527820092655773e+00
5.550671893134528467e+00
5.550767401185765060e+00
5.550853044913024448e+00
5.550789298450949261e+00
5.550978157469383056e+00
5.550926404950165427e+00
5.551005605749952387e+00
5.551230213048002682e+00
5.551070679427306587e+00
5.551137919284059308e+00
5.551113484846010415e+00
5.551257227236349401e+00
5.551304923409436931e+00
5.551374283139243637e+00
5.551506114590142538e+00
5.551496450315463349e+00
5.551595498677341034e+00
5.551541928241284118e+00
5.551648559524058335e+00
5.551762093183628899e+00
5.551689075157705489e+00
5.551837847392245173e+00
5.551680769263377613e+00
5.552006892867769494e+00
5.552018314307099800e+00
5.551962860077725992e+00
5.552016578392264812e+00
5.552208729854196889e+00
5.552198828343509973e+00
5.552238606618856487e+00
5.552235275888020460e+00
5.552215860742169440e+00
5.552367406270285244e+00
5.552422740470385421e+00
5.552413137890202854e+00
5.552482426279309102e+00
5.552502842009348960e+00
5.552586205199676606e+00
5.552719865136036326e+00
5.552728713396097859e+00
5.552834133431469255e+00
5.552740098302552774e+00
5.552838587120350056e+00
5.552898672721455320e+00
5.552933908955586695e+00
5.552932045941355810e+00
5.553025396987481876e+00
5.552997593002565679e+00
5.553135323019483316e+00
5.553100766012488698e+00
5.553137194158567880e+00
5.553280755611763375e+00
5.553251876424941003e+00
5.553466003135979712e+00
5.553316564973607150e+00
5.553463958221666275e+00
5.553425713349217752e+00
5.553485749698034546e+00
5.553530400699596470e+00
5.553500896041089874e+00
5.553557626683439885e+00
5.553620630266363101e+00
5.553717318240017242e+00
5.553598696942905200e+00
5.553685859925471036e+00
5.553763936638053345e+00
5.553940155841540438e+00
5.553868439128981649e+00
5.553992501694450468e+00
5.553914556612193465e+00
5.554012219764997482e+00
5.554066727677279047e+00
5.554126888027952624e+00
5.554069589803832585e+00
5.554199310127532208e+00
5.554232581016147030e+00
5.554293242838223676e+00
5.554302058320848445e+00
5.554291619332038188e+00
5.554289153337889751e+00
5.554408634920783960e+00
5.554529790505078779e+00
5.554398633817362985e+00
5.554405598993655602e+00
5.554542610169176164e+00
5.554529077272662541e+00
5.554550732401186686e+00
5.554688704832457802e+00
5.554677691234776837e+00
5.554757137880209861e+00
5.554763034970185309e+00
5.554727444014600835e+00
5.554807167947918956e+00
5.554937333833318114e+00
5.554870315206873244e+00
5.554882622260373992e+00
5.554988603118554913e+00
5.555027735507735542e+00
5.555103350768987980e+00
5.555077546811524769e+00
5.555003160434160314e+00
5.554997255615728768e+00
5.555076827016518060e+00
5.555163326537087443e+00
5.555217601501905911e+00
5.555160139293533916e+00
5.555182316713977109e+00
5.555303189334477310e+00
5.555294897813390698e+00
5.555377149313487806e+00
5.555494054332693388e+00
5.555436105372413280e+00
5.555423341450838493e+00
5.555439527352892704e+00
5.555462670669392367e+00
5.555580350487577590e+00
5.555661612441754826e+00
5.555561639493319603e+00
5.555592666257771484e+00
5.555887278784268801e+00
5.555698683843340646e+00
5.555723321430605210e+00
5.555791256315592008e+00
5.555798281785922832e+00
5.555837023176525946e+00
5.555831970829769872e+00
5.555961535341450208e+00
5.555885946846602863e+00
5.555934608813292819e+00
5.555877848897533333e+00
5.555996218306148648e+00
5.556030281279825900e+00
5.556035472150972154e+00
5.556070723493679253e+00
5.556074441124365215e+00
5.556154326702192670e+00
5.556206034882871236e+00
5.556200756629315229e+00
5.556261343877875625e+00
5.556253413323680945e+00
5.556262324742235137e+00
5.556375989555085049e+00
5.556325102885470102e+00
5.556337870055091166e+00
5.556319576863054444e+00
5.556484141714048697e+00
5.556418528211980679e+00
5.556539744280506454e+00
5.556558961262071605e+00
5.556544800218037317e+00
5.556575973944417157e+00
5.556588356725824518e+00
5.556532982098919327e+00
5.556605997222402671e+00
5.556647791370577849e+00
5.556661110921283786e+00
5.556778267576437003e+00
5.556723111684626737e+00
5.556732627660848856e+00
5.556717356772382210e+00
5.556905930678540884e+00
5.556873772888984320e+00
5.556801712543220972e+00
5.556809443564491247e+00
5.556966552936855486e+00
5.556924134825948158e+00
5.556868343960007728e+00
5.556946553641848752e+00
5.556954013780804225e+00
5.557088272605737345e+00
5.557018627697130952e+00
5.557114319840234629e+00
5.557077572812965549e+00
5.557082579790296961e+00
5.557041762015392017e+00
5.557136162171254945e+00
5.557159142657311257e+00
5.557235058663013483e+00
5.557247726387100961e+00
5.557237927936951927e+00
5.557250028319618451e+00
5.557247442613441279e+00
5.557389873525247381e+00
5.557371140395783726e+00
5.557364869059784773e+00
5.557380864773183937e+00
5.557444755787098067e+00
5.557452997810152340e+00
5.557456677457048855e+00
5.557516867124626891e+00
5.557525332272424734e+00
5.557590180186098294e+00
5.557554592468165744e+00
5.557532755930898460e+00
5.557625100595522838e+00
5.557580889301187099e+00
5.557686832565170043e+00
5.557771554990779350e+00
5.557724961852047230e+00
5.557709443216962697e+00
5.557688308635617247e+00
5.557807515799932041e+00
5.557719714608059469e+00
5.557842255992101244e+00
5.557818070907575070e+00
5.557879235669881623e+00
5.557893953787706565e+00
5.557875812550501671e+00
5.557985230355689588e+00
5.557880024744710212e+00
5.557990943493780200e+00
5.557975606431304172e+00
5.558009328600959975e+00
5.558099959862531136e+00
5.558020670891769655e+00
5.558080591312471341e+00
5.558051149716687789e+00
5.558049602302721048e+00
5.558036228488012931e+00
5.558198957155507713e+00
5.558122995338044880e+00
5.558206379433294764e+00
5.558330718627452427e+00
5.558127122354350469e+00
5.558213523924270483e+00
5.558216340707786252e+00
5.558252584475247282e+00
5.558395011141461950e+00
5.558278377474015208e+00
5.558290881765088010e+00
5.558304750392018434e+00
5.558399376629570732e+00
5.558358743543600156e+00
5.558395584474058460e+00
5.558435855897420730e+00
5.558450974491095486e+00
5.558393512930959623e+00
5.558471959626594128e+00
5.558513672871715272e+00
5.558556260801105431e+00
5.558538979751257436e+00
5.558565822443794602e+00
5.558572738552401304e+00
5.558544820494803140e+00
5.558576754027421352e+00
5.558581300893012056e+00
5.558622108620393298e+00
5.558644592245279625e+00
5.558637736184390832e+00
5.558686539937935045e+00
5.558803092762898856e+00
5.558696970929636549e+00
5.558724057922289852e+00
5.558865736167333260e+00
5.558727978200503017e+00
5.558790501759661495e+00
5.558869694696313424e+00
5.558878029834428247e+00
5.558829545508470638e+00
5.558908613618758210e+00
5.558905716548394160e+00
5.558837193193645554e+00
5.558891028235898091e+00
5.558962054350494064e+00
5.558941746741396628e+00
5.558946340606492953e+00
5.559013870426512405e+00
5.558997304091325198e+00
5.558966879873263878e+00
5.559072461839889456e+00
5.559056767371703955e+00
5.559008493287717734e+00
5.559029668172421168e+00
5.559042577466074775e+00
5.559173211007918169e+00
5.559148208524092638e+00
5.559110976538637061e+00
5.559210413712738941e+00
5.559074284069497551e+00
5.559227648934119692e+00
5.559226192794660903e+00
5.559195987862388222e+00
5.559295039461820132e+00
5.559187625035709068e+00
5.559307076036470008e+00
5.559301712502689341e+00
5.559378711369888926e+00
5.559344908199014057e+00
5.559319846705476742e+00
5.559341817454000356e+00
5.559369215902727035e+00
5.559406967752281936e+00
5.559351817968758880e+00
5.559421994098783237e+00
5.559357134141239776e+00
5.559413407988893496e+00
5.559452775747526054e+00
5.559425385299155309e+00
5.559562619288391794e+00
5.559530099044345697e+00
5.559523728402534282e+00
5.559511562776671134e+00
5.559539929457708141e+00
5.559565376820114757e+00
5.559578321903062559e+00
5.559608030554156421e+00
5.559599550497544840e+00
5.559698170665762440e+00
5.559630800823020635e+00
5.559635165434850812e+00
5.559603751789540027e+00
5.559667240483028294e+00
5.559707800363409724e+00
5.559732949784634393e+00
5.559830380715932385e+00
5.559644369015666499e+00
5.559737375196391440e+00
5.559782535021892791e+00
5.559754490280096384e+00
5.559806864653662473e+00
5.559801643458359699e+00
5.559868754721611239e+00
5.559887215525884052e+00
5.559862513919431315e+00
5.559808976825023841e+00
5.559859802714386845e+00
5.559879929158085154e+00
5.559948393612838657e+00
5.559929621306773484e+00
5.559859250442166001e+00
5.559961910131653084e+00
5.559967614892767251e+00
5.559954992280966124e+00
5.560030937169589293e+00
5.560013297513855868e+00
5.559991820288783693e+00
5.560048240845665291e+00
5.560054515660890928e+00
5.559987953393616067e+00
5.560080874597127298e+00
5.560100732741418028e+00
5.560127494728758890e+00
5.560101576102445264e+00
5.560070194992890791e+00
5.560140171730284742e+00
5.560097754084520894e+00
5.560207888846234958e+00
5.560161178758393774e+00
5.560179584237974204e+00
5.560189896689827549e+00
5.560204060807635962e+00
5.560244017056693799e+00
5.560201698475244037e+00
5.560221988990238451e+00
5.560273339952939153e+00
5.560257864980170162e+00
5.560268454479307287e+00
5.560303766044530249e+00
5.560315587528505965e+00
5.560302130316204128e+00
5.560351541127855235e+00
5.560391867886521844e+00
5.560327440516602771e+00
5.560353757202383562e+00
5.560423293483371943e+00
5.560428255893503646e+00
5.560410952279053909e+00
5.560435816166027223e+00
5.560489152433585325e+00
5.560406096060274805e+00
5.560433591645724150e+00
5.560440164091095205e+00
5.560457143583743544e+00
5.560457760957944195e+00
5.560477439948113165e+00
5.560519414149853290e+00
5.560491562797619913e+00
5.560573893323046413e+00
5.560580681349609478e+00
5.560560652309198382e+00
5.560616497207329978e+00
5.560600200182861386e+00
5.560630841517006928e+00
5.560580628651578650e+00
5.560644526706216340e+00
5.560610570441195222e+00
5.560650085122619934e+00
5.560667319815918219e+00
5.560678162914312495e+00
5.560690716048655169e+00
5.560657990831310293e+00
5.560718074858736593e+00
5.560722703185818183e+00
5.560714046015304390e+00
5.560778584742338104e+00
5.560784095193057830e+00
5.560746693387768502e+00
5.560752847077758076e+00
5.560781053834898735e+00
5.560838772720593681e+00
5.560801609015206814e+00
5.560813186216083892e+00
5.560816884168478857e+00
5.560844249037488751e+00
5.560864656567808595e+00
5.560885566931692559e+00
5.560849307364982508e+00
5.560866206385884247e+00
5.560866996679702190e+00
5.560930760855454125e+00
5.560887210813152848e+00
5.560886480086791650e+00
5.560930196721533214e+00
5.560998043890812426e+00
5.560998699643830534e+00
5.560920264485888609e+00
5.560933798204823475e+00
5.560998360232430215e+00
5.561015577539689225e+00
5.561020383143890022e+00
5.561068417226994853e+00
5.561016560532343611e+00
5.561008478251239673e+00
5.561031331790179166e+00
5.560990483904348913e+00
5.561041300167948620e+00
5.561076985214530310e+00
5.561083872070422096e+00
5.561105493311624848e+00
5.561114431831048144e+00
5.561134697868832966e+00
5.561147308651460008e+00
5.561140825736591076e+00
5.561160261945544470e+00
5.561229193483877786e+00
5.561254507189284269e+00
5.561189379979676772e+00
5.561204062288048533e+00
5.561173314980611515e+00
5.561200529466498566e+00
5.561215392813158687e+00
5.561232052267759407e+00
5.561285658467044257e+00
5.561245213318264824e+00
5.561218657945138588e+00
5.561273617999772156e+00
5.561280551803494454e+00
5.561283427916505318e+00
5.561344220845915842e+00
5.561303976553848116e+00
5.561340625576352004e+00
5.561357988856585166e+00
5.561370558712723344e+00
5.561338752598654622e+00
5.561338197040137210e+00
5.561363315884391589e+00
5.561409036900501590e+00
5.561398430458833531e+00
5.561367118345327931e+00
5.561428790194683280e+00
5.561420181965506693e+00
5.561380244901170222e+00
5.561409848379635257e+00
5.561423688253809949e+00
5.561453804330244388e+00
5.561477064861181319e+00
5.561461319743217224e+00
5.561444858994464724e+00
5.561508697203069396e+00
5.561492238948306799e+00
5.561514634015804148e+00
5.561489211815294986e+00
5.561522259195089468e+00
5.561534751196485438e+00
5.561531839243344599e+00
5.561550176320160688e+00
5.561535222652117305e+00
5.561597443225150705e+00
5.561597631937635455e+00
5.561635564941140863e+00
5.561592537374750123e+00
5.561599204329357171e+00
5.561668780964541980e+00
5.561624393345711681e+00
5.561654518370738209e+00
5.561680612533058010e+00
5.561612012505191771e+00
5.561670537994142904e+00
5.561706928742196965e+00
5.561729905088077963e+00
5.561684620874596696e+00
5.561713299167353242e+00
5.561685622108390348e+00
5.561717021055912369e+00
5.561714194756010698e+00
5.561712130083705574e+00
5.561764148433211652e+00
5.561731305238526879e+00
5.561766029943420619e+00
5.561790747881557806e+00
5.561767083629700181e+00
5.561833402103504298e+00
5.561763763066426947e+00
5.561801633126372657e+00
5.561808375714604402e+00
5.561840735315514372e+00
5.561882263650952396e+00
5.561834487356439816e+00
5.561842981933346586e+00
5.561863358982850336e+00
5.561831347120944180e+00
5.561862931186379200e+00
5.561851949087004421e+00
5.561880101907091145e+00
5.561859412561114269e+00
5.561906980381963628e+00
5.561867010679701906e+00
5.561936400808103365e+00
5.561910922595841633e+00
5.561884618498065258e+00
5.562000558693345198e+00
5.561936285934200974e+00
5.561988012750981980e+00
5.561968587386705742e+00
5.561945940095902152e+00
5.561988020360215224e+00
5.561997944447294451e+00
5.561976966836631675e+00
5.562029970028055992e+00
5.562015222051898355e+00
5.562064698509632699e+00
5.562081202898597532e+00
5.562061043498800927e+00
5.562056232785046461e+00
5.562070070524864462e+00
5.562086294878768378e+00
5.562072035443898166e+00
5.562063554054006431e+00
5.562121812445862012e+00
5.562078960107642800e+00
5.562096063865475948e+00
5.562064467559290293e+00
5.562073224576128183e+00
5.562056145060987333e+00
5.562147470425368390e+00
5.562143703834714792e+00
5.562161878690044858e+00
5.562123747820501229e+00
5.562148266592068069e+00
5.562127827829121962e+00
5.562168535319161222e+00
5.562173993103796121e+00
5.562161912067342229e+00
5.562189517817377471e+00
5.562207920452772569e+00
5.562218675565115511e+00
5.562197313895866913e+00
5.562256751478826367e+00
5.562239607581827450e+00
5.562302074639847937e+00
5.562233870334955199e+00
5.562248364114119603e+00
5.562254491434927672e+00
5.562297485856482204e+00
5.562298953883151320e+00
5.562287226064056789e+00
5.562263784517117671e+00
5.562314459191003202e+00
5.562270650994673993e+00
5.562277403363568240e+00
5.562328611874933770e+00
5.562307637122189341e+00
5.562330695996233310e+00
5.562366730548442106e+00
5.562335329941160644e+00
5.562359780263469666e+00
5.562357419176562345e+00
5.562360621731583521e+00
5.562385980228642168e+00
5.562382162186919388e+00
5.562425718230879390e+00
5.562410303214178953e+00
5.562436125283992894e+00
5.562375680753408602e+00
5.562463867552994046e+00
5.562474594852055532e+00
5.562401540752875739e+00
5.562438864221067369e+00
5.562440120585111281e+00
5.562446365771808843e+00
5.562405964336126551e+00
5.562438620372420317e+00
5.562441981052344886e+00
5.562499530657740721e+00
5.562480288507050119e+00
5.562496984722464788e+00
5.562507110633050367e+00
5.562535264576308869e+00
5.562546928746575858e+00
5.562527341786279500e+00
5.562557737624545418e+00
5.562548917383799640e+00
5.562553481225710250e+00
5.562554592950742283e+00
5.562550226786337149e+00
5.562559551912476863e+00
5.562549741110386137e+00
5.562612646586526211e+00
5.562553896829347089e+00
5.562625468528368700e+00
5.562593226922884604e+00
5.562659790923976111e+00
5.562586914017945361e+00
5.562630916270571824e+00
5.562597301555109119e+00
5.562663983992187866e+00
5.562634402923861465e+00
5.562671601972525970e+00
5.562640734943089527e+00
5.562626426929550227e+00
5.562637255826331284e+00
5.562619066619385322e+00
5.562669294528755692e+00
5.562697998597645466e+00
5.562662353336579990e+00
5.562701570377889482e+00
5.562708019373655333e+00
5.562710441544142626e+00
5.562704658621210108e+00
5.562681363471620344e+00
5.562726038238073656e+00
5.562700714080301090e+00
5.562739012167421393e+00
5.562756346191064516e+00
5.562752660098858826e+00
5.562761921839104673e+00
5.562726045038030698e+00
5.562765242272284638e+00
5.562751394382885906e+00
5.562785787668261150e+00
5.562815559449967751e+00
5.562812766329404468e+00
5.562834782083867502e+00
5.562794023731830073e+00
5.562808887636654376e+00
5.562825528458588131e+00
5.562883049943005531e+00
5.562865375480072316e+00
5.562852539609506763e+00
5.562803571673591740e+00
5.562836454778415707e+00
5.562836004114798172e+00
5.562862369708476251e+00
5.562875351089497045e+00
5.562865495251098302e+00
5.562919009386654956e+00
5.562913337907093414e+00
5.562871719013218197e+00
5.562891652785729946e+00
5.562897798606401878e+00
5.562916027950396192e+00
5.562907363839211250e+00
5.562893613508397728e+00
5.562965354969950482e+00
5.562915174640693294e+00
5.562951240617681314e+00
5.562921522785541306e+00
5.562935791785094786e+00
5.562993318545870203e+00
5.562938704069765095e+00
5.562963712462878796e+00
5.563004827682484610e+00
5.562996521073792167e+00
5.563004144085951452e+00
5.563051085013827723e+00
5.563000535960163973e+00
5.562974862132443299e+00
5.562975660957424573e+00
5.563028062413632568e+00
5.563013768711697615e+00
5.563057547615051668e+00
5.563037461104969772e+00
5.563023162267235477e+00
5.563045797545756344e+00
5.563069262358619760e+00
5.563067291002453452e+00
5.563081129516557866e+00
5.563034131987091513e+00
5.563063517265545599e+00
5.563062109941735223e+00
