0.000000000000000000e+00
2.454973119578541807e-01
1.454973119578544249e-01
-8.783602137547863453e-02
-2.378360213754784347e-01
-2.911693547088117784e-01
-3.106137991532561538e-01
-3.053757039151609454e-01
-3.108618150262720259e-01
-3.052092577070480983e-01
-3.295733450086353322e-01
-2.886000204936441937e-01
-3.073441324131033769e-01
-3.201058760706803064e-01
-3.091886300441832880e-01
-3.314817508422809311e-01
-3.405638794671534963e-01
-3.360356993024396499e-01
-3.312545220010502667e-01
-3.217001529873506072e-01
-3.128625612894053165e-01
-3.334722058158240965e-01
-3.444558479409486340e-01
-3.453702167333973505e-01
-3.457888350709472092e-01
-3.381541339232971288e-01
-3.423354359606508579e-01
-3.281261231502378140e-01
-3.464178107245768912e-01
-3.335342439967116657e-01
-3.404704065739639351e-01
-3.508242273496230412e-01
-3.450127361455037067e-01
-3.390635985907316519e-01
-3.511074207053387353e-01
-3.429771089753791413e-01
-3.430714219569570567e-01
-3.487883294993021077e-01
-3.517207312383859863e-01
-3.441749455599973917e-01
-3.417444944800913653e-01
-3.419963906381924823e-01
-3.470620619134794915e-01
-3.496784874345016392e-01
-3.498475925737895009e-01
-3.432881303650704430e-01
-3.477371541795999388e-01
-3.543587405131546908e-01
-3.482496891352910851e-01
-3.482526268399643299e-01
-3.503776868181013859e-01
-3.465786684103010495e-01
-3.524272261261480188e-01
-3.431427736663715256e-01
-3.505886155537047966e-01
-3.453406139969006361e-01
-3.436247938627656762e-01
-3.490486898986471243e-01
-3.509603777293260896e-01
-3.527477336300633426e-01
-3.478067721352769981e-01
-3.494748861420324260e-01
-3.495828847856916055e-01
-3.464880879904552735e-01
-3.512524599163373562e-01
-3.421449922248249176e-01
-3.528002987115795852e-01
-3.529847419327336033e-01
-3.530097770699477944e-01
-3.515825009266059231e-01
-3.487466853690658897e-01
-3.487878147650593785e-01
-3.488677592466299382e-01
-3.475761821682338826e-01
-3.490036812060111071e-01
-3.437627012843298968e-01
-3.517297934795421965e-01
-3.479731699309424053e-01
-3.467266685791808856e-01
-3.506067890616011984e-01
-3.494539893048882462e-01
-3.532057905268702336e-01
-3.496088234383001869e-01
-3.532389065408939044e-01
-3.485352620718920047e-01
-3.532560124424949932e-01
-3.475114476281956355e-01
-3.509740530948582404e-01
-3.476444080995622077e-01
-3.521784377057115001e-01
-3.500324185939624466e-01
-3.478601576086485236e-01
-3.533435301026505160e-01
-3.480386110750536832e-01
-3.501786021169632224e-01
-3.523519081903009886e-01
-3.523969507520216538e-01
-3.513881959051334269e-01
-3.524300911836040773e-01
-3.514514496900385532e-01
-3.524721756586239318e-01
-3.534924849492388499e-01
-3.476300389922145628e-01
-3.515233419348641197e-01
-3.525509635603442660e-01
-3.535317192375564410e-01
-3.478897543741771847e-01
-3.535063054845004604e-01
-3.489379067221668462e-01
-3.535342038098516215e-01
-3.499484290945787390e-01
-3.517589559795543108e-01
-3.517996190058718664e-01
-3.535938113250098325e-01
-3.544947154393631172e-01
-3.510243578455990998e-01
-3.510244265749334347e-01
-3.536182584569551590e-01
-3.511053623676942403e-01
-3.502724584146286180e-01
-3.528007694619157419e-01
-3.520092837563579824e-01
-3.528429060398025063e-01
-3.504241532291178518e-01
-3.536633450194593409e-01
-3.496959732979635360e-01
-3.512899363378261253e-01
-3.513277844854181264e-01
-3.521341341081081211e-01
-3.513835519651369865e-01
-3.498633100723219091e-01
-3.521771966072608784e-01
-3.491820403797595285e-01
-3.529589237740067831e-01
-3.537448987565618985e-01
-3.515341118252147679e-01
-3.508043896876087975e-01
-3.530158391490462177e-01
-3.523180007313254647e-01
-3.523286974859520804e-01
-3.502014452524579435e-01
-3.502168636251968836e-01
-3.537682808279411506e-01
-3.530989509287589811e-01
-3.531040509788576087e-01
-3.510447664072258167e-01
-3.503694146062893977e-01
-3.524337542092480513e-01
-3.524616817324632834e-01
-3.511332853152344113e-01
-3.538135586906323016e-01
-3.505246143378303869e-01
-3.525028322940902958e-01
-3.538360223183015241e-01
-3.525503070958863061e-01
-3.512642855844272383e-01
-3.519178264879289086e-01
-3.525753959303347118e-01
-3.519588444211841916e-01
-3.519709657552207438e-01
-3.513618647778517512e-01
-3.519987077734226810e-01
-3.507835276701158911e-01
-3.526393803098012980e-01
-3.538815703120697376e-01
-3.526807418740839362e-01
-3.532868931857109374e-01
-3.526990006477951356e-01
-3.527062375219405799e-01
-3.527169102284160029e-01
-3.527274775844171928e-01
-3.527379207295267549e-01
-3.498412649763739668e-01
-3.527416393539035688e-01
-3.527684291416378626e-01
-3.522070637055706999e-01
-3.516487356311417400e-01
-3.527916487629867981e-01
-3.528076822034980631e-01
-3.539345595179067550e-01
-3.533884206614548162e-01
-3.544965318687710587e-01
-3.523048520192144095e-01
-3.528513337469377231e-01
-3.523198002470623869e-01
-3.523287264864959356e-01
-3.534157312595877509e-01
-3.523578380058746684e-01
-3.528955345845052882e-01
-3.523777824682950977e-01
-3.529125569601773704e-01
-3.529236821202498819e-01
-3.529319640529685054e-01
-3.513857412857244178e-01
-3.503629099660809931e-01
-3.534558173853447061e-01
-3.514361223755286812e-01
-3.524566648661723312e-01
-3.534822535816602995e-01
-3.529900225423435733e-01
-3.529951247146460025e-01
-3.515101131002171808e-01
-3.539928238097592161e-01
-3.510519005336111276e-01
-3.525249881033776789e-01
-3.520540163351266738e-01
-3.525490537134701730e-01
-3.540101584077069985e-01
-3.516157047265948132e-01
-3.520965302272380804e-01
-3.530626587192168819e-01
-3.521261950121785667e-01
-3.526046857165319737e-01
-3.530853265288792509e-01
-3.530941956986251018e-01
-3.540310206358960876e-01
-3.526486525448938592e-01
-3.540333146066738101e-01
-3.531243881640006577e-01
-3.526699104171306387e-01
-3.535852663256676687e-01
-3.522360933737446742e-01
-3.522402259039990602e-01
-3.535956814854717134e-01
-3.531593531914455908e-01
-3.522744954428085884e-01
-3.536078730306435047e-01
-3.531771602227111173e-01
-3.531810848499545297e-01
-3.518768295129214851e-01
-3.518825756137570759e-01
-3.531926442653987586e-01
-3.523418688879348948e-01
-3.527766759427707344e-01
-3.523585597853101103e-01
-3.536425002623286851e-01
-3.540753143651119150e-01
-3.523911801363347474e-01
-3.523929758240533783e-01
-3.544938607943705633e-01
-3.536693179286126143e-01
-3.532544167968606486e-01
-3.540843067560074942e-01
-3.536779210409675134e-01
-3.528599635872221585e-01
-3.536796565137576009e-01
-3.532798301904035987e-01
-3.536880206014497152e-01
-3.524832740605293169e-01
-3.536913650944276677e-01
-3.528994427503541753e-01
-3.536994878616996352e-01
-3.521185483588892828e-01
-3.537027507311439889e-01
-3.529247355330465963e-01
-3.533200294048544632e-01
-3.537168182818430928e-01
-3.525541048913267139e-01
-3.537199415958240389e-01
-3.533413646967924482e-01
-3.537289906446628995e-01
-3.522008731095876422e-01
-3.518221467637764888e-01
-3.529715833224554289e-01
-3.526029490091158736e-01
-3.522313682722090777e-01
-3.518625702986490356e-01
-3.537437362902967064e-01
-3.533804531475485677e-01
-3.530115273176298030e-01
-3.522749430024246231e-01
-3.533874565106331356e-01
-3.537632938085732981e-01
-3.530347781731575929e-01
-3.519425861813093026e-01
-3.526751967626510775e-01
-3.537714290157700225e-01
-3.541390372875371506e-01
-3.534222432552579507e-01
-3.534235466629805367e-01
-3.544988339657908494e-01
-3.541468024404498260e-01
-3.527283763910751824e-01
-3.530829908278302898e-01
-3.523850130519537993e-01
-3.534426260246355533e-01
-3.527507297833425426e-01
-3.524059913234732222e-01
-3.527592967340940633e-01
-3.538046140237780524e-01
-3.534657981317368414e-01
-3.527809117881573475e-01
-3.534693942878505690e-01
-3.531339737289904135e-01
-3.531374883335968717e-01
-3.534811110939804490e-01
-3.538235610929958419e-01
-3.534903004093196133e-01
-3.531570088890147452e-01
-3.531603948008302241e-01
-3.528315470646739560e-01
-3.531682324242796933e-01
-3.541671434871189739e-01
-3.538415146277720247e-01
-3.541715657611766988e-01
-3.522065204281090711e-01
-3.535147920695501100e-01
-3.528708056448401353e-01
-3.535233637486472902e-01
-3.528813957305155791e-01
-3.535297161314623349e-01
-3.528918424733004100e-01
-3.541770122550653710e-01
-3.535431810907486150e-01
-3.529072755996246480e-01
-3.538627026058195346e-01
-3.532348399869667532e-01
-3.538677736949678021e-01
-3.535572952297325044e-01
-3.535592855568396309e-01
-3.532497399093784685e-01
-3.538757318174323707e-01
-3.532585049482794282e-01
-3.529508484660029977e-01
-3.526460465619717377e-01
-3.526508214529752716e-01
-3.523497682059819058e-01
-3.535786729967744790e-01
-3.535852367767627902e-01
-3.529801425975693796e-01
-3.541950439650402571e-01
-3.541996438002202319e-01
-3.526945463426211513e-01
-3.532960569859903144e-01
-3.536008717814978497e-01
-3.536044736652475540e-01
-3.539047766898328340e-01
-3.539074420143933364e-01
-3.539092109828912980e-01
-3.524360406171914706e-01
-3.539083743732481246e-01
-3.533279246589517975e-01
-3.530372647573988276e-01
-3.515829637760087278e-01
-3.536221074483480997e-01
-3.518914399824528694e-01
-3.536280890593135329e-01
-3.539237987079005276e-01
-3.533515992796902871e-01
-3.524936591345161907e-01
-3.536398051024089439e-01
-3.542153294012910791e-01
-3.539336898641880502e-01
-3.525180733164284264e-01
-3.536496241587390177e-01
-3.542185949044452942e-01
-3.536591933984997715e-01
-3.533798771327790744e-01
-3.536615628720071181e-01
-3.522719328188298471e-01
-3.531076026109691290e-01
-3.542218152293162836e-01
-3.539494259625515782e-01
-3.531237534358651620e-01
-3.536747239360837902e-01
-3.536785018391147006e-01
-3.539539880798416860e-01
-3.531387951267164205e-01
-3.542272426809617847e-01
-3.542309388677244431e-01
-3.536911427741060709e-01
-3.539614170306408791e-01
-3.528883297867377311e-01
-3.542302634891814628e-01
-3.539672002759606251e-01
-3.537012600747685420e-01
-3.534367267975509486e-01
-3.531736006117879856e-01
-3.542346216732816244e-01
-3.539742762575305846e-01
-3.534486659058697078e-01
-3.537125200050419416e-01
-3.539770593300060053e-01
-3.529347360089540309e-01
-3.537173548337252393e-01
-3.529422066571880623e-01
-3.529442411991788320e-01
-3.534650693164526070e-01
-3.542422818083159064e-01
-3.532166715736775875e-01
-3.521916982563284559e-01
-3.537295141552248001e-01
-3.545007156597804188e-01
-3.534848713185257951e-01
-3.524696478981764192e-01
-3.539912119911476363e-01
-3.537438206783798944e-01
-3.529894415248559514e-01
-3.527400919453679284e-01
-3.534957642424036983e-01
-3.540001707326456692e-01
-3.537533052059617100e-01
-3.532570428112092320e-01
-3.530107633641526022e-01
-3.535088961493776938e-01
-3.542533206547554547e-01
-3.537631575805997297e-01
-3.540094705225834693e-01
-3.542563811364597970e-01
-3.540130882697594683e-01
-3.532819817012367580e-01
-3.535264819439919437e-01
-3.530440079302563094e-01
-3.537727638772251715e-01
-3.537762872591379559e-01
-3.528141906908606740e-01
-3.535370906927429169e-01
-3.537809480005397189e-01
-3.535440235922847063e-01
-3.537844096067038202e-01
-3.537866921411082499e-01
-3.540259279568693795e-01
-3.542645914542651986e-01
-3.540293119272800437e-01
-3.537940244192325778e-01
-3.530892558924440539e-01
-3.537951447741879973e-01
-3.535642628822668887e-01
-3.530986263011172688e-01
-3.544994151709537911e-01
-3.540375641517469196e-01
-3.542695903069004726e-01
-3.542706669825727017e-01
-3.531164709034393390e-01
-3.531170055141756303e-01
-3.538098473926554188e-01
-3.542717411599214383e-01
-3.531291618479065475e-01
-3.542712416353088756e-01
-3.542743703965713364e-01
-3.538203509565868710e-01
-3.542743834229034050e-01
-3.542759271719657654e-01
-3.545021761665915760e-01
-3.538270112135964984e-01
-3.540517314650022396e-01
-3.536048159421962822e-01
-3.538295384401317079e-01
-3.531618997617833600e-01
-3.538315504290484581e-01
-3.533900855141159369e-01
-3.538350326041671545e-01
-3.542799719902910982e-01
-3.527361919802203816e-01
-3.533974754957531217e-01
-3.542804787838013114e-01
-3.538443060042977817e-01
-3.534071554775107815e-01
-3.538452742155847042e-01
-3.542833908442657997e-01
-3.531978634830191810e-01
-3.542829378804115414e-01
-3.534199613101932091e-01
-3.534204359325727740e-01
-3.538538038781157691e-01
-3.538561313020073262e-01
-3.540721160319730276e-01
-3.536452349971553333e-01
-3.532188045954676725e-01
-3.544999505507874793e-01
-3.540771503028016798e-01
-3.542894703399383505e-01
-3.538666430893860904e-01
-3.538670938667692334e-01
-3.538684357337581465e-01
-3.538697738267589377e-01
-3.538711062895916748e-01
-3.530338587302948028e-01
-3.534535900728733582e-01
-3.536654247895995584e-01
-3.532509437437021949e-01
-3.538763850394455734e-01
-3.540864508989858828e-01
-3.540877475925732765e-01
-3.540886075866707117e-01
-3.536770919999687735e-01
-3.534721827004944639e-01
-3.540898943966795942e-01
-3.536821700223797271e-01
-3.534785152036588052e-01
-3.536842713628828294e-01
-3.542973552179510266e-01
-3.532827585038844642e-01
-3.534860147570775823e-01
-3.540957716994627136e-01
-3.534917649788264504e-01
-3.538958111811302820e-01
-3.534954307446379618e-01
-3.536974525857243257e-01
-3.534990703358195097e-01
-3.541006808067323486e-01
-3.543022848340903197e-01
-3.543030856453162070e-01
-3.541046769041791831e-01
-3.535098348454426831e-01
-3.541046823922505693e-01
-3.539090160942203189e-01
-3.543042784327802841e-01
-3.535180455035439318e-01
-3.541078262689846823e-01
-3.543058353720015541e-01
-3.537195239469000940e-01
-3.527433459247715231e-01
-3.539144632037096172e-01
-3.543069911066616950e-01
-3.543081332908140091e-01
-3.539209156492160724e-01
-3.541147155616944930e-01
-3.537297382883217711e-01
-3.533451293720991093e-01
-3.535389235062411095e-01
-3.535411453079110311e-01
-3.533514207188993561e-01
-3.539268729994619611e-01
-3.533565509905368662e-01
-3.541195525429990942e-01
-3.541217315107778041e-01
-3.539327052024270337e-01
-3.539334267110091914e-01
-3.541235401001202043e-01
-3.539359349328204396e-01
-3.529950293733892241e-01
-3.539359443228428659e-01
-3.535635384291632155e-01
-3.535645997469896162e-01
-3.541271028303783486e-01
-3.539422858309290154e-01
-3.541292049840235601e-01
-3.543161202297693269e-01
-3.543168131482445360e-01
-3.541319734590081536e-01
-3.539474741519728629e-01
-3.541326599722369739e-01
-3.539495204029738940e-01
-3.539502006016318481e-01
-3.541347018266578495e-01
-3.541357137084170104e-01
-3.534051250177689396e-01
-3.541357216862611179e-01
-3.541377208903128126e-01
-3.535929335564144127e-01
-3.535935959287407893e-01
-3.532329251941134785e-01
-3.541387282539930625e-01
-3.537800094143685459e-01
-3.537806651977706274e-01
-3.539618210945831844e-01
-3.536040509381099262e-01
-3.541426546423169786e-01
-3.537864804689789811e-01
-3.534299805286215124e-01
-3.539660165492510280e-01
-3.537899893384209848e-01
-3.539685624671828346e-01
-3.543244360464447573e-01
-3.543253814014446501e-01
-3.534423041081508621e-01
-3.539717173473760914e-01
-3.543256968965556308e-01
-3.536236423635060189e-01
-3.543257072602526980e-01
-3.539769840477809404e-01
-3.543269438043926134e-01
-3.539788211237545057e-01
-3.541533433262593067e-01
-3.539803413556826261e-01
-3.543281700791476863e-01
-3.538091446834569775e-01
-3.543284777595175350e-01
-3.541569640174772604e-01
-3.541572643800335318e-01
-3.539857423904029798e-01
-3.534708719843241420e-01
-3.533002320969343413e-01
-3.539869304121018301e-01
-3.538180457214099017e-01
-3.541602227822120419e-01
-3.533096003670855301e-01
-3.539904548998404898e-01
-3.533133633678796626e-01
-3.538227061359174308e-01
-3.543323327428112846e-01
-3.541645624419772487e-01
-3.538275815908799582e-01
-3.539965009942472873e-01
-3.533253667193754222e-01
-3.538295717312007760e-01
-3.541665521689273399e-01
-3.543349018617550361e-01
-3.536676833907587136e-01
-3.535012963677260367e-01
-3.538354644287100559e-01
-3.541693537836509420e-01
-3.540046228112022630e-01
-3.535084859473918151e-01
-3.541704662205008014e-01
-3.540070903163667349e-01
-3.540076376340300923e-01
-3.541729264460790616e-01
-3.538453321117738248e-01
-3.538458727045542540e-01
-3.540106146946203070e-01
-3.543384853079170616e-01
-3.536867594895606315e-01
-3.538498933702352578e-01
-3.536886184573126424e-01
-3.536896781889228847e-01
-3.545013703600490285e-01
-3.536936244213002012e-01
-3.541782792156170090e-01
-3.535344228666183475e-01
-3.533739146682713939e-01
-3.541793298855953620e-01
-3.535390871462276152e-01
-3.535396053484015644e-01
-3.537011471098350235e-01
-3.538624299895374858e-01
-3.537042187310563413e-01
-3.540237095878279727e-01
-3.535480314786246248e-01
-3.541837123968060719e-01
-3.540267467178259686e-01
-3.540272514261255110e-01
-3.541859811912508316e-01
-3.543444597979006905e-01
-3.535575569740438406e-01
-3.540295038737989453e-01
-3.540309875960408470e-01
-3.540317292640163260e-01
-3.538759729266862664e-01
-3.541892087997771110e-01
-3.543461927547154056e-01
-3.540351545603889205e-01
-3.534133139620800890e-01
-3.538798784550641896e-01
-3.537265286474363668e-01
-3.538822915105742650e-01
-3.540380506441054842e-01
-3.534217240955431216e-01
-3.540387728434599701e-01
-3.537327435572239498e-01
-3.541942856696643216e-01
-3.540420923329847813e-01
-3.540425646183943953e-01
-3.540432688931790528e-01
-3.537386278602381862e-01
-3.535868891699164851e-01
-3.540446731275754266e-01
-3.541980406030651451e-01
-3.538952454815394444e-01
-3.543502525231138067e-01
-3.531408840549755124e-01
-3.534432291237353807e-01
-3.540486013771096951e-01
-3.538995945381314123e-01
-3.545017811346201642e-01
-3.542023863801216921e-01
-3.536026875898781174e-01
-3.540522389396715819e-01
-3.540535842318274229e-01
-3.542035102752639220e-01
-3.539061169873508605e-01
-3.542041812399801537e-01
-3.545022444956336116e-01
-3.534641117164083468e-01
-3.540567049661069166e-01
-3.539103123275355034e-01
-3.542063920662002485e-01
-3.543547584020624863e-01
-3.537660931531316222e-01
-3.533251342261317651e-01
-3.545009588882301887e-01
-3.534762925448519111e-01
-3.545011852668927821e-01
-3.537716916930583877e-01
-3.537716938868908922e-01
-3.539185320739886564e-01
-3.537740357044912298e-01
-3.539202336056077591e-01
-3.542115669181442605e-01
-3.536327009100812546e-01
-3.539225578147469631e-01
-3.540683236921054466e-01
-3.539248606765605376e-01
-3.539254865617911250e-01
-3.539263179680725568e-01
-3.537834691196248271e-01
-3.540712400953408556e-01
-3.542155369705879964e-01
-3.542161542065633828e-01
-3.535022787080941975e-01
-3.542159542199851963e-01
-3.543598294469567644e-01
-3.535067522546696539e-01
-3.542171824515378264e-01
-3.542185951264136823e-01
-3.545022856442474057e-01
-3.539369166101819508e-01
-3.539369171785405332e-01
-3.540787588871893155e-01
-3.542204008179831165e-01
-3.537990561332503003e-01
-3.540803514804752306e-01
-3.539410858870795651e-01
-3.542217894396869626e-01
-3.540827147573863409e-01
-3.538037774649316902e-01
-3.540833032296245020e-01
-3.543628281747180919e-01
-3.542243294053336045e-01
-3.542245236551494481e-01
-3.538088209625513958e-01
-3.539477103869101415e-01
-3.538103575059690642e-01
-3.545017317844983418e-01
-3.540888936197206793e-01
-3.536756717963840946e-01
-3.540888957226873135e-01
-3.539526690966512401e-01
-3.536788882905050890e-01
-3.538166280424852594e-01
-3.542281517083561426e-01
-3.543657009706507877e-01
-3.540932242125795493e-01
-3.535484517154017237e-01
-3.539571720743535099e-01
-3.540943381563192438e-01
-3.538237079201832502e-01
-3.539597625948253112e-01
-3.542313173717156483e-01
-3.545023213250227956e-01
-3.539628764811232897e-01
-3.543671896438148061e-01
-3.538295581654312683e-01
-3.538297402869343689e-01
-3.540991001928091575e-01
-3.542340505249206850e-01
-3.539668531860309386e-01
-3.541009021666689516e-01
-3.541016175670108623e-01
-3.539688199481781927e-01
-3.539693539967469493e-01
-3.542360213745314734e-01
-3.538383232789742427e-01
-3.539713029429896185e-01
-3.542370835585699762e-01
-3.542377864489127948e-01
-3.542381373134881883e-01
-3.539746345451414977e-01
-3.543702400138222242e-01
-3.537130400842130040e-01
-3.542388383076405245e-01
-3.539774073994488290e-01
-3.541088148040811845e-01
-3.535859421347653520e-01
-3.534557380474948607e-01
-3.541096763580788842e-01
-3.541110413515530242e-01
-3.542417614188499986e-01
-3.542422707123357717e-01
-3.541127394482102009e-01
-3.537239721555121563e-01
-3.539835446277840858e-01
-3.541139181282842441e-01
-3.535977929905766981e-01
-3.538563591453042778e-01
-3.541152572059377279e-01
-3.541160890320598220e-01
-3.539880523107695742e-01
-3.539885485867774184e-01
-3.541174135043817506e-01
-3.539900308404321239e-01
-3.543741552324241595e-01
-3.542470960462194562e-01
-3.538646069299053454e-01
-3.545018751999638451e-01
-3.538665546924730232e-01
-3.542477501344580282e-01
-3.541216538569829653e-01
-3.541219769722018240e-01
-3.541224592939551941e-01
-3.542493628477730860e-01
-3.537447924295258894e-01
-3.539973186908050296e-01
-3.545020515568158559e-01
-3.537479702604024445e-01
-3.536223429193036116e-01
-3.539997014108742235e-01
-3.538754913170431560e-01
-3.541264337283464014e-01
-3.536272177242527626e-01
-3.542519071803249542e-01
-3.541283105098983475e-01
-3.541286228148321502e-01
-3.538803322396235074e-01
-3.545019149293468508e-01
-3.536342007305906532e-01
-3.540059489004950266e-01
-3.535119742560786094e-01
-3.540070258495788269e-01
-3.540082489530184118e-01
-3.540088601271152990e-01
-3.541326217516092556e-01
-3.541332291660189147e-01
-3.541336837929114356e-01
-3.542568365031888988e-01
-3.540121906750629543e-01
-3.538900925741314540e-01
-3.542574403704237263e-01
-3.541360882281380240e-01
-3.537705336521279609e-01
-3.541363882195018853e-01
-3.541372789182731795e-01
-3.541377239970370239e-01
-3.540168082314106845e-01
-3.541384627332835322e-01
-3.542601163408025666e-01
-3.542605567583465564e-01
-3.537777579318988619e-01
-3.540193045317587273e-01
-3.541406598692409258e-01
-3.541412415581824402e-01
-3.541416766881979594e-01
-3.542621586167501446e-01
-3.537829751771265352e-01
-3.540227841944024734e-01
-3.542628795447194667e-01
-3.537855556544539648e-01
-3.541438370488422804e-01
-3.540255022841077293e-01
-3.540259294876711427e-01
-3.540264968904749954e-01
-3.542645928032475688e-01
-3.536720378698569034e-01
-3.540277702101873314e-01
-3.542654396186752375e-01
-3.540295943678856139e-01
-3.539118107178542694e-01
-3.541482176679418559e-01
-3.542666992666748116e-01
-3.536788809965268343e-01
-3.541491935567800398e-01
-3.539154186824204351e-01
-3.539158330956506116e-01
-3.534481366897486709e-01
-3.540336183914404855e-01
-3.541516727738615034e-01
-3.542689062273629008e-01
-3.539196649864168598e-01
-3.539199371421965501e-01
-3.536880569364473925e-01
-3.541533098410931113e-01
-3.536902177658096669e-01
-3.538064974624505199e-01
-3.539231785623074278e-01
-3.538083764704920142e-01
-3.540399925322470498e-01
-3.539254530992270165e-01
-3.536955714120264549e-01
-3.539263852612127836e-01
-3.542721405676841906e-01
-3.542728022241490859e-01
-3.545024244116197765e-01
-3.541590451284788998e-01
-3.540446289541431257e-01
-3.541593074031872956e-01
-3.542739855528311277e-01
-3.543884021784171612e-01
-3.541608722268104747e-01
-3.539334709593061623e-01
-3.542747684772781791e-01
-3.543889219586434658e-01
-3.541624230012340169e-01
-3.537095507091428392e-01
-3.542755464840759982e-01
-3.540504539838872922e-01
-3.542764439856458392e-01
-3.541642142607960841e-01
-3.539392438149137621e-01
-3.539396245503258487e-01
-3.539402576337272732e-01
-3.538286561337180558e-01
-3.542777171543552983e-01
-3.539425257007253189e-01
-3.543902046390785543e-01
-3.541673668316387968e-01
-3.537210637997225682e-01
-3.540558857854644859e-01
-3.541681147656899342e-01
-3.542798464700911421e-01
-3.542802182181760684e-01
-3.537255265884003408e-01
-3.539475027190255862e-01
-3.539483633629388892e-01
-3.540595969750219840e-01
-3.543917012011868484e-01
-3.539506891604221051e-01
-3.538405579441497584e-01
-3.539512980310238754e-01
-3.541720484491734933e-01
-3.542825444821527392e-01
-3.541731379394447154e-01
-3.539540810793130876e-01
-3.539544420323281204e-01
-3.541738606395084532e-01
-3.541744598154754620e-01
-3.539564781860023435e-01
-3.541749386311786596e-01
-3.540666011691483428e-01
-3.537405160216085531e-01
-3.541757726377748883e-01
-3.537422896540838302e-01
-3.540680238356503917e-01
-3.545022171166775093e-01
-3.540697870995849761e-01
-3.540697876086936202e-01
-3.540702551043118929e-01
-3.541785969602271877e-01
-3.538557870819274420e-01
-3.543943490744806413e-01
-3.541799909034701321e-01
-3.541801072718564480e-01
-3.537512689640653352e-01
-3.540731581181599252e-01
-3.542880953976867975e-01
-3.539676991730065780e-01
-3.542884412591651988e-01
-3.543957358043830497e-01
-3.543959642124672182e-01
-3.543960781126139215e-01
-3.543961916486029762e-01
-3.541837650916736524e-01
-3.541838781451699947e-01
-3.541842163455416470e-01
-3.538667574577206709e-01
-3.537612743589869102e-01
-3.540790713257780387e-01
-3.538686609917581771e-01
-3.542910487731045222e-01
-3.538702205613557528e-01
-3.541862328132178717e-01
-3.538714404551535075e-01
-3.542919409333351588e-01
-3.542926033127548613e-01
-3.540831806158039607e-01
-3.539786885579289666e-01
-3.540837298836887470e-01
-3.543977570513838216e-01
-3.539806578427809880e-01
-3.541893178333865855e-01
-3.541898616148442258e-01
-3.543983042477357737e-01
-3.542946793271820050e-01
-3.542947877215687491e-01
-3.543987379380780234e-01
-3.541916994928143714e-01
-3.538812480954066086e-01
-3.540883949294803545e-01
-3.540890369128963933e-01
-3.536766677623418564e-01
-3.541925581243308141e-01
-3.538844489794078507e-01
-3.543991713352903639e-01
-3.543998067300105359e-01
-3.540919047964447008e-01
-3.543997026234314562e-01
-3.541952054751176249e-01
-3.541953108849628107e-01
-3.540933757955630479e-01
-3.541958348120667899e-01
-3.539921708449714766e-01
-3.538905468421478795e-01
-3.545020646804342146e-01
-3.540957698088167405e-01
-3.541973964585745649e-01
-3.541978095735322518e-01
-3.541981191998847533e-01
-3.541984280939765584e-01
-3.539963072122379595e-01
-3.541988393254312806e-01
-3.544013710232392644e-01
-3.540989531107435195e-01
-3.537966358899964359e-01
-3.541998622091619975e-01
-3.542005725231983648e-01
-3.539998718456435767e-01
-3.538997735680521339e-01
-3.536996760918199589e-01
-3.543014826193491285e-01
-3.544023865352152747e-01
-3.538025877406381081e-01
