2.187258724108023955e+02
-3.282644052648454931e+02
-7.844639159640387334e+02
-3.278975802338622998e+02
4.138955040002084615e+02
-2.116873426582307616e+02
-9.544176870732172802e+02
5.981478198969698497e+02
6.527130045958342635e+02
-9.477128783746364888e+02
1.210809914206030726e+03
-3.829450499598071929e+02
-3.673366584124929091e+01
-1.613525712391367790e+02
4.355527244459912026e+02
8.772100374730451904e+02
2.715895018391381655e+02
5.061852382250010578e+02
1.814813538524311411e+02
-1.550093903647011075e+03
4.218999179929180627e+02
-6.682183029460129546e+02
5.661110361189731748e+02
-5.841186852843338784e+02
1.286871276780040489e+03
-1.421288843304042757e+03
5.238475265480325334e+02
4.833077645605241628e+02
8.208084639700473417e+02
-1.615234928796903887e+03
7.762312066218878499e+02
1.232107965917990100e+02
-7.966897602401165841e+02
4.025205606977685306e+02
