-4.546340001463177316e+01
-2.992689861596581480e+01
-2.007590822791032394e+02
-1.531841115413232046e+01
3.565789250393402767e+02
2.652241374788284247e+02
1.076328028972292685e+02
-1.272565144026127371e+02
3.085112847608295894e+01
1.642216700158069784e+02
-1.295638921521457632e+03
5.461972275642681325e+02
3.075492549983775916e+02
-5.495284773918374555e+01
-1.814724435408872978e+02
-1.402955273513138934e+02
6.295311516938642171e+02
-2.431683355404344979e+02
-5.149873576227631133e+01
4.818504186207593989e+02
-2.180852131549038972e+02
1.273759965276950368e+02
-1.739808932729627031e+02
-4.182157926202281715e+02
3.821824346187821675e+02
-5.907409680592711538e+02
-2.077035486522436258e+01
4.188479292770487916e+01
1.480930340650088795e+02
-2.609964590516233329e+02
2.594515150020499163e+02
-1.450648475917500093e+02
2.129867673488159951e+01
3.436824798772806844e+02
