1.827294130413809614e-01
2.810183962118459888e-01
3.135221086679066960e-01
3.128727448949483181e-01
3.100816722736265407e-01
3.051441390197844883e-01
3.089702687493791622e-01
3.054453992383203143e-01
3.029947254829977732e-01
3.000192489409309049e-01
3.020835220418531253e-01
2.975619451335315691e-01
2.964022299560416518e-01
2.962712225712625380e-01
2.969000800369988591e-01
2.970124995916457178e-01
2.944900594808499972e-01
2.976475119723133722e-01
2.958657504940362393e-01
2.964109885309529901e-01
2.968499419528511929e-01
2.998408784355050538e-01
3.011505463653639803e-01
2.990734073530177395e-01
2.994385376803280763e-01
3.002260936267814317e-01
3.057710284516452215e-01
3.041851190048671105e-01
3.056037456030915589e-01
3.097951856733772158e-01
3.115819644740948080e-01
3.116410501150018164e-01
2.781018664113276140e-01
1.832967085221313408e-01
