1.839745787595574167e-01
2.799212081615201075e-01
3.113913764405263906e-01
3.133703155633678072e-01
3.115268603023381155e-01
3.078171551114805005e-01
3.054796839436424993e-01
3.038167931140971501e-01
3.034835408444872540e-01
3.007592154651683725e-01
2.990479150023924726e-01
2.986108990971325650e-01
2.983298927003507073e-01
2.960311785989377942e-01
2.962213029060597469e-01
2.953586298387357312e-01
2.957495283675510844e-01
2.955397858422705304e-01
2.958208124381592752e-01
2.969718950086600584e-01
2.971662431565080253e-01
2.968631448047836519e-01
2.981908413474247399e-01
2.994030798478743427e-01
3.020597004447231892e-01
3.022964110980583263e-01
3.036374341319828529e-01
3.062772067077225713e-01
3.077622884172515061e-01
3.109311010915396523e-01
3.112506114639527199e-01
3.100320121762442094e-01
2.810653322213732541e-01
1.838420255841166084e-01
